{"/home/dev/bookit_backend/server.js": {"path":"/home/dev/bookit_backend/server.js","statementMap":{"0":{"start":{"line":2,"column":14},"end":{"line":2,"column":63}},"1":{"start":{"line":5,"column":20},"end":{"line":5,"column":35}},"2":{"start":{"line":7,"column":0},"end":{"line":7,"column":56}},"3":{"start":{"line":12,"column":0},"end":{"line":12,"column":51}},"4":{"start":{"line":13,"column":14},"end":{"line":13,"column":30}},"5":{"start":{"line":15,"column":11},"end":{"line":15,"column":24}},"6":{"start":{"line":16,"column":19},"end":{"line":16,"column":73}},"7":{"start":{"line":17,"column":21},"end":{"line":17,"column":54}},"8":{"start":{"line":18,"column":20},"end":{"line":18,"column":52}},"9":{"start":{"line":19,"column":22},"end":{"line":19,"column":56}},"10":{"start":{"line":20,"column":22},"end":{"line":20,"column":63}},"11":{"start":{"line":21,"column":16},"end":{"line":21,"column":34}},"12":{"start":{"line":22,"column":19},"end":{"line":22,"column":41}},"13":{"start":{"line":23,"column":20},"end":{"line":23,"column":56}},"14":{"start":{"line":24,"column":22},"end":{"line":24,"column":63}},"15":{"start":{"line":32,"column":12},"end":{"line":32,"column":21}},"16":{"start":{"line":33,"column":13},"end":{"line":33,"column":16}},"17":{"start":{"line":34,"column":0},"end":{"line":34,"column":27}},"18":{"start":{"line":38,"column":0},"end":{"line":38,"column":45}},"19":{"start":{"line":39,"column":0},"end":{"line":39,"column":48}},"20":{"start":{"line":40,"column":0},"end":{"line":40,"column":57}},"21":{"start":{"line":41,"column":0},"end":{"line":41,"column":51}},"22":{"start":{"line":42,"column":0},"end":{"line":42,"column":68}},"23":{"start":{"line":43,"column":0},"end":{"line":43,"column":77}},"24":{"start":{"line":44,"column":0},"end":{"line":44,"column":91}},"25":{"start":{"line":45,"column":0},"end":{"line":45,"column":104}},"26":{"start":{"line":46,"column":0},"end":{"line":46,"column":53}},"27":{"start":{"line":47,"column":0},"end":{"line":47,"column":61}},"28":{"start":{"line":48,"column":0},"end":{"line":48,"column":82}},"29":{"start":{"line":49,"column":0},"end":{"line":49,"column":81}},"30":{"start":{"line":50,"column":0},"end":{"line":50,"column":89}},"31":{"start":{"line":51,"column":0},"end":{"line":51,"column":114}},"32":{"start":{"line":52,"column":0},"end":{"line":52,"column":72}},"33":{"start":{"line":55,"column":0},"end":{"line":55,"column":48}},"34":{"start":{"line":56,"column":0},"end":{"line":56,"column":73}},"35":{"start":{"line":57,"column":0},"end":{"line":57,"column":75}},"36":{"start":{"line":58,"column":0},"end":{"line":58,"column":72}},"37":{"start":{"line":59,"column":0},"end":{"line":59,"column":95}},"38":{"start":{"line":60,"column":0},"end":{"line":60,"column":100}},"39":{"start":{"line":61,"column":0},"end":{"line":61,"column":85}},"40":{"start":{"line":62,"column":0},"end":{"line":62,"column":90}},"41":{"start":{"line":63,"column":0},"end":{"line":63,"column":88}},"42":{"start":{"line":64,"column":0},"end":{"line":64,"column":95}},"43":{"start":{"line":69,"column":0},"end":{"line":69,"column":39}},"44":{"start":{"line":70,"column":0},"end":{"line":70,"column":21}},"45":{"start":{"line":71,"column":0},"end":{"line":71,"column":30}},"46":{"start":{"line":75,"column":0},"end":{"line":80,"column":3}},"47":{"start":{"line":79,"column":4},"end":{"line":79,"column":83}},"48":{"start":{"line":83,"column":4},"end":{"line":83,"column":69}},"49":{"start":{"line":84,"column":4},"end":{"line":84,"column":36}},"50":{"start":{"line":85,"column":4},"end":{"line":85,"column":27}},"51":{"start":{"line":86,"column":4},"end":{"line":86,"column":34}},"52":{"start":{"line":87,"column":4},"end":{"line":87,"column":25}},"53":{"start":{"line":88,"column":4},"end":{"line":88,"column":52}},"54":{"start":{"line":93,"column":0},"end":{"line":93,"column":32}},"55":{"start":{"line":95,"column":0},"end":{"line":95,"column":31}},"56":{"start":{"line":98,"column":0},"end":{"line":102,"column":1}}},"fnMap":{"0":{"name":"(anonymous_0)","decl":{"start":{"line":78,"column":21},"end":{"line":78,"column":22}},"loc":{"start":{"line":78,"column":27},"end":{"line":80,"column":1}},"line":78},"1":{"name":"shutDown","decl":{"start":{"line":82,"column":15},"end":{"line":82,"column":23}},"loc":{"start":{"line":82,"column":25},"end":{"line":90,"column":1}},"line":82}},"branchMap":{},"s":{"0":1,"1":1,"2":1,"3":1,"4":1,"5":1,"6":1,"7":1,"8":1,"9":1,"10":1,"11":1,"12":1,"13":1,"14":1,"15":1,"16":1,"17":1,"18":1,"19":1,"20":1,"21":1,"22":1,"23":1,"24":1,"25":1,"26":1,"27":1,"28":1,"29":1,"30":1,"31":1,"32":1,"33":1,"34":1,"35":1,"36":1,"37":1,"38":1,"39":1,"40":1,"41":1,"42":1,"43":1,"44":1,"45":1,"46":1,"47":0,"48":1,"49":1,"50":1,"51":1,"52":1,"53":1,"54":1,"55":1,"56":1},"f":{"0":0,"1":1},"b":{},"_coverageSchema":"1a1c01bbd47fc00a2c39e90264f33305004495a9","hash":"9d1a7f4cd8284435b21a89c09ddae13331c5fff8"}
,"/home/dev/bookit_backend/modules/comment_manager.js": {"path":"/home/dev/bookit_backend/modules/comment_manager.js","statementMap":{"0":{"start":{"line":2,"column":28},"end":{"line":2,"column":51}},"1":{"start":{"line":3,"column":14},"end":{"line":3,"column":32}},"2":{"start":{"line":7,"column":0},"end":{"line":7,"column":32}},"3":{"start":{"line":8,"column":0},"end":{"line":8,"column":26}},"4":{"start":{"line":9,"column":0},"end":{"line":9,"column":17}},"5":{"start":{"line":10,"column":0},"end":{"line":10,"column":22}},"6":{"start":{"line":14,"column":0},"end":{"line":14,"column":69}},"7":{"start":{"line":15,"column":0},"end":{"line":15,"column":101}},"8":{"start":{"line":16,"column":0},"end":{"line":16,"column":90}},"9":{"start":{"line":17,"column":0},"end":{"line":17,"column":89}},"10":{"start":{"line":18,"column":0},"end":{"line":18,"column":69}},"11":{"start":{"line":43,"column":4},"end":{"line":43,"column":26}},"12":{"start":{"line":44,"column":17},"end":{"line":48,"column":5}},"13":{"start":{"line":49,"column":4},"end":{"line":59,"column":5}},"14":{"start":{"line":50,"column":8},"end":{"line":50,"column":24}},"15":{"start":{"line":51,"column":8},"end":{"line":51,"column":25}},"16":{"start":{"line":52,"column":8},"end":{"line":57,"column":11}},"17":{"start":{"line":58,"column":8},"end":{"line":58,"column":15}},"18":{"start":{"line":60,"column":4},"end":{"line":63,"column":7}},"19":{"start":{"line":79,"column":4},"end":{"line":82,"column":5}},"20":{"start":{"line":80,"column":8},"end":{"line":80,"column":28}},"21":{"start":{"line":81,"column":8},"end":{"line":81,"column":21}},"22":{"start":{"line":83,"column":18},"end":{"line":83,"column":26}},"23":{"start":{"line":84,"column":19},"end":{"line":84,"column":32}},"24":{"start":{"line":85,"column":23},"end":{"line":85,"column":47}},"25":{"start":{"line":86,"column":18},"end":{"line":86,"column":37}},"26":{"start":{"line":87,"column":18},"end":{"line":87,"column":33}},"27":{"start":{"line":94,"column":4},"end":{"line":97,"column":5}},"28":{"start":{"line":96,"column":8},"end":{"line":96,"column":21}},"29":{"start":{"line":99,"column":4},"end":{"line":102,"column":5}},"30":{"start":{"line":101,"column":8},"end":{"line":101,"column":21}},"31":{"start":{"line":104,"column":4},"end":{"line":107,"column":5}},"32":{"start":{"line":106,"column":8},"end":{"line":106,"column":21}},"33":{"start":{"line":109,"column":4},"end":{"line":109,"column":16}},"34":{"start":{"line":115,"column":0},"end":{"line":117,"column":2}}},"fnMap":{"0":{"name":"sendStudyRoomComment","decl":{"start":{"line":28,"column":9},"end":{"line":28,"column":29}},"loc":{"start":{"line":28,"column":40},"end":{"line":64,"column":1}},"line":28},"1":{"name":"studyRoomCommentReqCheck","decl":{"start":{"line":73,"column":9},"end":{"line":73,"column":33}},"loc":{"start":{"line":73,"column":39},"end":{"line":111,"column":1}},"line":73}},"branchMap":{"0":{"loc":{"start":{"line":49,"column":4},"end":{"line":59,"column":5}},"type":"if","locations":[{"start":{"line":49,"column":4},"end":{"line":59,"column":5}},{"start":{},"end":{}}],"line":49},"1":{"loc":{"start":{"line":79,"column":4},"end":{"line":82,"column":5}},"type":"if","locations":[{"start":{"line":79,"column":4},"end":{"line":82,"column":5}},{"start":{},"end":{}}],"line":79},"2":{"loc":{"start":{"line":94,"column":4},"end":{"line":97,"column":5}},"type":"if","locations":[{"start":{"line":94,"column":4},"end":{"line":97,"column":5}},{"start":{},"end":{}}],"line":94},"3":{"loc":{"start":{"line":94,"column":8},"end":{"line":95,"column":54}},"type":"binary-expr","locations":[{"start":{"line":94,"column":8},"end":{"line":94,"column":28}},{"start":{"line":94,"column":32},"end":{"line":94,"column":50}},{"start":{"line":95,"column":11},"end":{"line":95,"column":54}}],"line":94},"4":{"loc":{"start":{"line":99,"column":4},"end":{"line":102,"column":5}},"type":"if","locations":[{"start":{"line":99,"column":4},"end":{"line":102,"column":5}},{"start":{},"end":{}}],"line":99},"5":{"loc":{"start":{"line":99,"column":8},"end":{"line":100,"column":40}},"type":"binary-expr","locations":[{"start":{"line":99,"column":8},"end":{"line":99,"column":23}},{"start":{"line":99,"column":27},"end":{"line":99,"column":40}},{"start":{"line":100,"column":11},"end":{"line":100,"column":40}}],"line":99},"6":{"loc":{"start":{"line":104,"column":4},"end":{"line":107,"column":5}},"type":"if","locations":[{"start":{"line":104,"column":4},"end":{"line":107,"column":5}},{"start":{},"end":{}}],"line":104},"7":{"loc":{"start":{"line":104,"column":8},"end":{"line":105,"column":43}},"type":"binary-expr","locations":[{"start":{"line":104,"column":8},"end":{"line":104,"column":23}},{"start":{"line":104,"column":27},"end":{"line":104,"column":40}},{"start":{"line":105,"column":11},"end":{"line":105,"column":43}}],"line":104}},"s":{"0":1,"1":1,"2":1,"3":1,"4":1,"5":1,"6":1,"7":1,"8":1,"9":1,"10":1,"11":0,"12":0,"13":0,"14":0,"15":0,"16":0,"17":0,"18":0,"19":0,"20":0,"21":0,"22":0,"23":0,"24":0,"25":0,"26":0,"27":0,"28":0,"29":0,"30":0,"31":0,"32":0,"33":0,"34":1},"f":{"0":0,"1":0},"b":{"0":[0,0],"1":[0,0],"2":[0,0],"3":[0,0,0],"4":[0,0],"5":[0,0,0],"6":[0,0],"7":[0,0,0]},"_coverageSchema":"1a1c01bbd47fc00a2c39e90264f33305004495a9","hash":"abcba7ca1b44f6f29779a163c68b75268aea06fd"}
,"/home/dev/bookit_backend/modules/db_handler.js": {"path":"/home/dev/bookit_backend/modules/db_handler.js","statementMap":{"0":{"start":{"line":2,"column":15},"end":{"line":2,"column":28}},"1":{"start":{"line":3,"column":34},"end":{"line":3,"column":52}},"2":{"start":{"line":4,"column":14},"end":{"line":4,"column":32}},"3":{"start":{"line":5,"column":14},"end":{"line":5,"column":32}},"4":{"start":{"line":6,"column":36},"end":{"line":6,"column":51}},"5":{"start":{"line":7,"column":13},"end":{"line":7,"column":30}},"6":{"start":{"line":8,"column":14},"end":{"line":8,"column":30}},"7":{"start":{"line":13,"column":13},"end":{"line":13,"column":41}},"8":{"start":{"line":14,"column":20},"end":{"line":14,"column":31}},"9":{"start":{"line":18,"column":4},"end":{"line":18,"column":17}},"10":{"start":{"line":26,"column":4},"end":{"line":26,"column":67}},"11":{"start":{"line":27,"column":4},"end":{"line":34,"column":5}},"12":{"start":{"line":28,"column":8},"end":{"line":28,"column":41}},"13":{"start":{"line":29,"column":8},"end":{"line":29,"column":40}},"14":{"start":{"line":30,"column":8},"end":{"line":30,"column":62}},"15":{"start":{"line":32,"column":8},"end":{"line":32,"column":70}},"16":{"start":{"line":33,"column":8},"end":{"line":33,"column":42}},"17":{"start":{"line":41,"column":4},"end":{"line":41,"column":25}},"18":{"start":{"line":42,"column":4},"end":{"line":42,"column":55}},"19":{"start":{"line":48,"column":23},"end":{"line":48,"column":66}},"20":{"start":{"line":49,"column":17},"end":{"line":49,"column":52}},"21":{"start":{"line":50,"column":4},"end":{"line":55,"column":5}},"22":{"start":{"line":51,"column":8},"end":{"line":53,"column":9}},"23":{"start":{"line":52,"column":12},"end":{"line":52,"column":30}},"24":{"start":{"line":54,"column":8},"end":{"line":54,"column":19}},"25":{"start":{"line":56,"column":14},"end":{"line":56,"column":36}},"26":{"start":{"line":57,"column":4},"end":{"line":57,"column":24}},"27":{"start":{"line":58,"column":4},"end":{"line":58,"column":13}},"28":{"start":{"line":69,"column":23},"end":{"line":69,"column":65}},"29":{"start":{"line":70,"column":19},"end":{"line":70,"column":61}},"30":{"start":{"line":71,"column":4},"end":{"line":71,"column":18}},"31":{"start":{"line":76,"column":23},"end":{"line":76,"column":84}},"32":{"start":{"line":77,"column":21},"end":{"line":77,"column":72}},"33":{"start":{"line":79,"column":4},"end":{"line":83,"column":5}},"34":{"start":{"line":80,"column":18},"end":{"line":80,"column":45}},"35":{"start":{"line":81,"column":8},"end":{"line":81,"column":28}},"36":{"start":{"line":82,"column":8},"end":{"line":82,"column":17}},"37":{"start":{"line":85,"column":30},"end":{"line":85,"column":79}},"38":{"start":{"line":86,"column":29},"end":{"line":86,"column":70}},"39":{"start":{"line":88,"column":4},"end":{"line":92,"column":5}},"40":{"start":{"line":89,"column":18},"end":{"line":89,"column":43}},"41":{"start":{"line":90,"column":8},"end":{"line":90,"column":28}},"42":{"start":{"line":91,"column":8},"end":{"line":91,"column":17}},"43":{"start":{"line":94,"column":24},"end":{"line":94,"column":80}},"44":{"start":{"line":95,"column":21},"end":{"line":95,"column":68}},"45":{"start":{"line":97,"column":4},"end":{"line":106,"column":5}},"46":{"start":{"line":98,"column":19},"end":{"line":98,"column":83}},"47":{"start":{"line":100,"column":19},"end":{"line":100,"column":40}},"48":{"start":{"line":101,"column":8},"end":{"line":105,"column":9}},"49":{"start":{"line":101,"column":21},"end":{"line":101,"column":22}},"50":{"start":{"line":102,"column":12},"end":{"line":104,"column":13}},"51":{"start":{"line":103,"column":16},"end":{"line":103,"column":29}},"52":{"start":{"line":108,"column":4},"end":{"line":108,"column":24}},"53":{"start":{"line":113,"column":22},"end":{"line":113,"column":53}},"54":{"start":{"line":114,"column":20},"end":{"line":114,"column":49}},"55":{"start":{"line":115,"column":17},"end":{"line":115,"column":33}},"56":{"start":{"line":116,"column":29},"end":{"line":116,"column":75}},"57":{"start":{"line":117,"column":21},"end":{"line":117,"column":54}},"58":{"start":{"line":119,"column":4},"end":{"line":123,"column":5}},"59":{"start":{"line":120,"column":18},"end":{"line":120,"column":48}},"60":{"start":{"line":121,"column":8},"end":{"line":121,"column":28}},"61":{"start":{"line":122,"column":8},"end":{"line":122,"column":17}},"62":{"start":{"line":125,"column":31},"end":{"line":125,"column":94}},"63":{"start":{"line":126,"column":17},"end":{"line":126,"column":78}},"64":{"start":{"line":127,"column":4},"end":{"line":131,"column":5}},"65":{"start":{"line":128,"column":18},"end":{"line":128,"column":45}},"66":{"start":{"line":129,"column":8},"end":{"line":129,"column":28}},"67":{"start":{"line":130,"column":8},"end":{"line":130,"column":17}},"68":{"start":{"line":133,"column":25},"end":{"line":133,"column":45}},"69":{"start":{"line":134,"column":26},"end":{"line":134,"column":47}},"70":{"start":{"line":137,"column":4},"end":{"line":141,"column":5}},"71":{"start":{"line":138,"column":18},"end":{"line":138,"column":48}},"72":{"start":{"line":139,"column":8},"end":{"line":139,"column":28}},"73":{"start":{"line":140,"column":8},"end":{"line":140,"column":17}},"74":{"start":{"line":144,"column":27},"end":{"line":144,"column":65}},"75":{"start":{"line":145,"column":30},"end":{"line":145,"column":79}},"76":{"start":{"line":146,"column":34},"end":{"line":146,"column":75}},"77":{"start":{"line":148,"column":28},"end":{"line":148,"column":74}},"78":{"start":{"line":150,"column":23},"end":{"line":150,"column":66}},"79":{"start":{"line":152,"column":21},"end":{"line":152,"column":72}},"80":{"start":{"line":153,"column":4},"end":{"line":157,"column":5}},"81":{"start":{"line":154,"column":8},"end":{"line":156,"column":9}},"82":{"start":{"line":159,"column":4},"end":{"line":162,"column":5}},"83":{"start":{"line":160,"column":28},"end":{"line":160,"column":68}},"84":{"start":{"line":161,"column":8},"end":{"line":161,"column":46}},"85":{"start":{"line":164,"column":23},"end":{"line":164,"column":48}},"86":{"start":{"line":165,"column":21},"end":{"line":165,"column":44}},"87":{"start":{"line":167,"column":4},"end":{"line":173,"column":5}},"88":{"start":{"line":167,"column":17},"end":{"line":167,"column":27}},"89":{"start":{"line":168,"column":8},"end":{"line":172,"column":9}},"90":{"start":{"line":169,"column":22},"end":{"line":169,"column":56}},"91":{"start":{"line":170,"column":12},"end":{"line":170,"column":32}},"92":{"start":{"line":171,"column":12},"end":{"line":171,"column":21}},"93":{"start":{"line":175,"column":4},"end":{"line":177,"column":5}},"94":{"start":{"line":175,"column":17},"end":{"line":175,"column":27}},"95":{"start":{"line":176,"column":8},"end":{"line":176,"column":53}},"96":{"start":{"line":179,"column":4},"end":{"line":189,"column":5}},"97":{"start":{"line":180,"column":8},"end":{"line":184,"column":9}},"98":{"start":{"line":181,"column":12},"end":{"line":181,"column":59}},"99":{"start":{"line":183,"column":12},"end":{"line":183,"column":86}},"100":{"start":{"line":186,"column":18},"end":{"line":186,"column":52}},"101":{"start":{"line":187,"column":8},"end":{"line":187,"column":28}},"102":{"start":{"line":188,"column":8},"end":{"line":188,"column":17}},"103":{"start":{"line":191,"column":26},"end":{"line":197,"column":5}},"104":{"start":{"line":199,"column":19},"end":{"line":199,"column":73}},"105":{"start":{"line":201,"column":4},"end":{"line":201,"column":109}},"106":{"start":{"line":204,"column":4},"end":{"line":204,"column":20}},"107":{"start":{"line":208,"column":22},"end":{"line":208,"column":53}},"108":{"start":{"line":209,"column":20},"end":{"line":209,"column":49}},"109":{"start":{"line":210,"column":17},"end":{"line":210,"column":33}},"110":{"start":{"line":211,"column":29},"end":{"line":211,"column":75}},"111":{"start":{"line":212,"column":21},"end":{"line":212,"column":54}},"112":{"start":{"line":214,"column":4},"end":{"line":218,"column":5}},"113":{"start":{"line":215,"column":18},"end":{"line":215,"column":48}},"114":{"start":{"line":216,"column":8},"end":{"line":216,"column":28}},"115":{"start":{"line":217,"column":8},"end":{"line":217,"column":17}},"116":{"start":{"line":220,"column":31},"end":{"line":220,"column":94}},"117":{"start":{"line":221,"column":17},"end":{"line":221,"column":78}},"118":{"start":{"line":222,"column":4},"end":{"line":226,"column":5}},"119":{"start":{"line":223,"column":18},"end":{"line":223,"column":45}},"120":{"start":{"line":224,"column":8},"end":{"line":224,"column":28}},"121":{"start":{"line":225,"column":8},"end":{"line":225,"column":17}},"122":{"start":{"line":228,"column":30},"end":{"line":228,"column":79}},"123":{"start":{"line":229,"column":34},"end":{"line":229,"column":75}},"124":{"start":{"line":231,"column":23},"end":{"line":231,"column":69}},"125":{"start":{"line":233,"column":21},"end":{"line":233,"column":72}},"126":{"start":{"line":235,"column":4},"end":{"line":239,"column":5}},"127":{"start":{"line":236,"column":18},"end":{"line":236,"column":48}},"128":{"start":{"line":237,"column":8},"end":{"line":237,"column":28}},"129":{"start":{"line":238,"column":8},"end":{"line":238,"column":17}},"130":{"start":{"line":242,"column":23},"end":{"line":242,"column":48}},"131":{"start":{"line":243,"column":21},"end":{"line":243,"column":44}},"132":{"start":{"line":245,"column":4},"end":{"line":255,"column":5}},"133":{"start":{"line":245,"column":17},"end":{"line":245,"column":27}},"134":{"start":{"line":246,"column":8},"end":{"line":254,"column":9}},"135":{"start":{"line":247,"column":22},"end":{"line":247,"column":73}},"136":{"start":{"line":248,"column":12},"end":{"line":248,"column":32}},"137":{"start":{"line":249,"column":12},"end":{"line":249,"column":21}},"138":{"start":{"line":250,"column":15},"end":{"line":254,"column":9}},"139":{"start":{"line":251,"column":22},"end":{"line":251,"column":67}},"140":{"start":{"line":252,"column":12},"end":{"line":252,"column":32}},"141":{"start":{"line":253,"column":12},"end":{"line":253,"column":21}},"142":{"start":{"line":257,"column":4},"end":{"line":268,"column":5}},"143":{"start":{"line":258,"column":8},"end":{"line":263,"column":58}},"144":{"start":{"line":265,"column":18},"end":{"line":265,"column":61}},"145":{"start":{"line":266,"column":8},"end":{"line":266,"column":28}},"146":{"start":{"line":267,"column":8},"end":{"line":267,"column":17}},"147":{"start":{"line":269,"column":4},"end":{"line":269,"column":47}},"148":{"start":{"line":277,"column":23},"end":{"line":277,"column":72}},"149":{"start":{"line":278,"column":4},"end":{"line":288,"column":5}},"150":{"start":{"line":279,"column":23},"end":{"line":282,"column":9}},"151":{"start":{"line":283,"column":8},"end":{"line":283,"column":54}},"152":{"start":{"line":285,"column":8},"end":{"line":285,"column":71}},"153":{"start":{"line":286,"column":8},"end":{"line":286,"column":57}},"154":{"start":{"line":287,"column":8},"end":{"line":287,"column":21}},"155":{"start":{"line":293,"column":19},"end":{"line":293,"column":45}},"156":{"start":{"line":294,"column":27},"end":{"line":294,"column":53}},"157":{"start":{"line":296,"column":22},"end":{"line":296,"column":78}},"158":{"start":{"line":298,"column":21},"end":{"line":301,"column":5}},"159":{"start":{"line":303,"column":23},"end":{"line":303,"column":61}},"160":{"start":{"line":304,"column":21},"end":{"line":304,"column":81}},"161":{"start":{"line":306,"column":4},"end":{"line":337,"column":5}},"162":{"start":{"line":306,"column":17},"end":{"line":306,"column":18}},"163":{"start":{"line":307,"column":22},"end":{"line":307,"column":103}},"164":{"start":{"line":308,"column":29},"end":{"line":308,"column":68}},"165":{"start":{"line":310,"column":25},"end":{"line":316,"column":25}},"166":{"start":{"line":318,"column":8},"end":{"line":336,"column":9}},"167":{"start":{"line":318,"column":21},"end":{"line":318,"column":22}},"168":{"start":{"line":319,"column":30},"end":{"line":323,"column":13}},"169":{"start":{"line":324,"column":26},"end":{"line":324,"column":51}},"170":{"start":{"line":325,"column":23},"end":{"line":325,"column":27}},"171":{"start":{"line":326,"column":12},"end":{"line":331,"column":13}},"172":{"start":{"line":326,"column":25},"end":{"line":326,"column":35}},"173":{"start":{"line":327,"column":16},"end":{"line":330,"column":17}},"174":{"start":{"line":328,"column":20},"end":{"line":328,"column":32}},"175":{"start":{"line":329,"column":20},"end":{"line":329,"column":25}},"176":{"start":{"line":332,"column":12},"end":{"line":335,"column":13}},"177":{"start":{"line":333,"column":16},"end":{"line":333,"column":45}},"178":{"start":{"line":334,"column":16},"end":{"line":334,"column":49}},"179":{"start":{"line":338,"column":20},"end":{"line":338,"column":63}},"180":{"start":{"line":338,"column":57},"end":{"line":338,"column":62}},"181":{"start":{"line":340,"column":4},"end":{"line":340,"column":74}},"182":{"start":{"line":340,"column":27},"end":{"line":340,"column":72}},"183":{"start":{"line":341,"column":24},"end":{"line":341,"column":67}},"184":{"start":{"line":341,"column":45},"end":{"line":341,"column":66}},"185":{"start":{"line":342,"column":4},"end":{"line":342,"column":23}},"186":{"start":{"line":346,"column":18},"end":{"line":346,"column":56}},"187":{"start":{"line":347,"column":17},"end":{"line":347,"column":59}},"188":{"start":{"line":348,"column":4},"end":{"line":352,"column":5}},"189":{"start":{"line":349,"column":8},"end":{"line":349,"column":94}},"190":{"start":{"line":350,"column":8},"end":{"line":350,"column":28}},"191":{"start":{"line":351,"column":8},"end":{"line":351,"column":19}},"192":{"start":{"line":353,"column":4},"end":{"line":353,"column":36}},"193":{"start":{"line":354,"column":4},"end":{"line":354,"column":35}},"194":{"start":{"line":355,"column":4},"end":{"line":355,"column":15}},"195":{"start":{"line":360,"column":18},"end":{"line":360,"column":62}},"196":{"start":{"line":361,"column":17},"end":{"line":361,"column":56}},"197":{"start":{"line":362,"column":4},"end":{"line":368,"column":5}},"198":{"start":{"line":363,"column":8},"end":{"line":363,"column":19}},"199":{"start":{"line":365,"column":18},"end":{"line":365,"column":43}},"200":{"start":{"line":366,"column":8},"end":{"line":366,"column":28}},"201":{"start":{"line":367,"column":8},"end":{"line":367,"column":17}},"202":{"start":{"line":373,"column":23},"end":{"line":373,"column":64}},"203":{"start":{"line":375,"column":22},"end":{"line":375,"column":76}},"204":{"start":{"line":377,"column":4},"end":{"line":391,"column":5}},"205":{"start":{"line":377,"column":17},"end":{"line":377,"column":18}},"206":{"start":{"line":378,"column":8},"end":{"line":378,"column":61}},"207":{"start":{"line":379,"column":8},"end":{"line":379,"column":59}},"208":{"start":{"line":380,"column":8},"end":{"line":382,"column":9}},"209":{"start":{"line":381,"column":12},"end":{"line":381,"column":40}},"210":{"start":{"line":383,"column":8},"end":{"line":385,"column":9}},"211":{"start":{"line":384,"column":12},"end":{"line":384,"column":38}},"212":{"start":{"line":386,"column":8},"end":{"line":386,"column":70}},"213":{"start":{"line":387,"column":8},"end":{"line":387,"column":66}},"214":{"start":{"line":388,"column":8},"end":{"line":388,"column":36}},"215":{"start":{"line":389,"column":8},"end":{"line":389,"column":38}},"216":{"start":{"line":390,"column":8},"end":{"line":390,"column":36}},"217":{"start":{"line":392,"column":4},"end":{"line":392,"column":20}},"218":{"start":{"line":397,"column":27},"end":{"line":397,"column":65}},"219":{"start":{"line":398,"column":34},"end":{"line":398,"column":75}},"220":{"start":{"line":399,"column":30},"end":{"line":399,"column":79}},"221":{"start":{"line":401,"column":4},"end":{"line":405,"column":5}},"222":{"start":{"line":401,"column":17},"end":{"line":401,"column":18}},"223":{"start":{"line":402,"column":8},"end":{"line":404,"column":9}},"224":{"start":{"line":403,"column":12},"end":{"line":403,"column":36}},"225":{"start":{"line":407,"column":4},"end":{"line":411,"column":5}},"226":{"start":{"line":408,"column":18},"end":{"line":408,"column":48}},"227":{"start":{"line":409,"column":8},"end":{"line":409,"column":28}},"228":{"start":{"line":410,"column":8},"end":{"line":410,"column":17}},"229":{"start":{"line":413,"column":20},"end":{"line":413,"column":68}},"230":{"start":{"line":415,"column":33},"end":{"line":415,"column":87}},"231":{"start":{"line":417,"column":23},"end":{"line":417,"column":71}},"232":{"start":{"line":418,"column":19},"end":{"line":418,"column":35}},"233":{"start":{"line":420,"column":4},"end":{"line":422,"column":5}},"234":{"start":{"line":420,"column":17},"end":{"line":420,"column":35}},"235":{"start":{"line":421,"column":8},"end":{"line":421,"column":39}},"236":{"start":{"line":423,"column":4},"end":{"line":431,"column":5}},"237":{"start":{"line":424,"column":8},"end":{"line":424,"column":87}},"238":{"start":{"line":425,"column":8},"end":{"line":425,"column":59}},"239":{"start":{"line":426,"column":8},"end":{"line":426,"column":89}},"240":{"start":{"line":428,"column":18},"end":{"line":428,"column":57}},"241":{"start":{"line":429,"column":8},"end":{"line":429,"column":28}},"242":{"start":{"line":430,"column":8},"end":{"line":430,"column":17}},"243":{"start":{"line":433,"column":4},"end":{"line":433,"column":31}},"244":{"start":{"line":437,"column":34},"end":{"line":437,"column":75}},"245":{"start":{"line":438,"column":30},"end":{"line":438,"column":79}},"246":{"start":{"line":439,"column":19},"end":{"line":439,"column":45}},"247":{"start":{"line":440,"column":17},"end":{"line":440,"column":33}},"248":{"start":{"line":443,"column":4},"end":{"line":447,"column":5}},"249":{"start":{"line":443,"column":17},"end":{"line":443,"column":18}},"250":{"start":{"line":444,"column":8},"end":{"line":446,"column":9}},"251":{"start":{"line":445,"column":12},"end":{"line":445,"column":36}},"252":{"start":{"line":450,"column":4},"end":{"line":454,"column":5}},"253":{"start":{"line":451,"column":18},"end":{"line":451,"column":48}},"254":{"start":{"line":452,"column":8},"end":{"line":452,"column":28}},"255":{"start":{"line":453,"column":8},"end":{"line":453,"column":17}},"256":{"start":{"line":457,"column":20},"end":{"line":457,"column":68}},"257":{"start":{"line":459,"column":25},"end":{"line":459,"column":55}},"258":{"start":{"line":461,"column":22},"end":{"line":461,"column":78}},"259":{"start":{"line":462,"column":18},"end":{"line":462,"column":40}},"260":{"start":{"line":464,"column":4},"end":{"line":471,"column":5}},"261":{"start":{"line":464,"column":17},"end":{"line":464,"column":18}},"262":{"start":{"line":465,"column":8},"end":{"line":470,"column":9}},"263":{"start":{"line":466,"column":22},"end":{"line":469,"column":13}},"264":{"start":{"line":473,"column":4},"end":{"line":476,"column":26}},"265":{"start":{"line":478,"column":4},"end":{"line":502,"column":5}},"266":{"start":{"line":479,"column":37},"end":{"line":479,"column":91}},"267":{"start":{"line":481,"column":27},"end":{"line":481,"column":75}},"268":{"start":{"line":482,"column":23},"end":{"line":482,"column":39}},"269":{"start":{"line":484,"column":8},"end":{"line":486,"column":9}},"270":{"start":{"line":484,"column":21},"end":{"line":484,"column":39}},"271":{"start":{"line":485,"column":12},"end":{"line":485,"column":43}},"272":{"start":{"line":488,"column":8},"end":{"line":494,"column":9}},"273":{"start":{"line":489,"column":12},"end":{"line":489,"column":91}},"274":{"start":{"line":491,"column":22},"end":{"line":491,"column":61}},"275":{"start":{"line":492,"column":12},"end":{"line":492,"column":32}},"276":{"start":{"line":493,"column":12},"end":{"line":493,"column":21}},"277":{"start":{"line":496,"column":8},"end":{"line":496,"column":89}},"278":{"start":{"line":497,"column":8},"end":{"line":497,"column":26}},"279":{"start":{"line":499,"column":20},"end":{"line":499,"column":60}},"280":{"start":{"line":500,"column":8},"end":{"line":500,"column":30}},"281":{"start":{"line":501,"column":8},"end":{"line":501,"column":19}},"282":{"start":{"line":507,"column":21},"end":{"line":507,"column":37}},"283":{"start":{"line":508,"column":17},"end":{"line":508,"column":29}},"284":{"start":{"line":509,"column":24},"end":{"line":509,"column":39}},"285":{"start":{"line":510,"column":15},"end":{"line":510,"column":41}},"286":{"start":{"line":511,"column":4},"end":{"line":511,"column":29}},"287":{"start":{"line":512,"column":4},"end":{"line":514,"column":5}},"288":{"start":{"line":513,"column":8},"end":{"line":513,"column":21}},"289":{"start":{"line":515,"column":23},"end":{"line":515,"column":46}},"290":{"start":{"line":516,"column":4},"end":{"line":518,"column":5}},"291":{"start":{"line":517,"column":8},"end":{"line":517,"column":21}},"292":{"start":{"line":520,"column":4},"end":{"line":526,"column":6}},"293":{"start":{"line":522,"column":12},"end":{"line":524,"column":13}},"294":{"start":{"line":523,"column":16},"end":{"line":523,"column":29}},"295":{"start":{"line":527,"column":4},"end":{"line":527,"column":16}},"296":{"start":{"line":537,"column":15},"end":{"line":537,"column":41}},"297":{"start":{"line":538,"column":23},"end":{"line":538,"column":52}},"298":{"start":{"line":540,"column":4},"end":{"line":548,"column":6}},"299":{"start":{"line":546,"column":12},"end":{"line":546,"column":22}},"300":{"start":{"line":565,"column":23},"end":{"line":565,"column":61}},"301":{"start":{"line":566,"column":19},"end":{"line":566,"column":90}},"302":{"start":{"line":567,"column":4},"end":{"line":567,"column":30}},"303":{"start":{"line":573,"column":23},"end":{"line":573,"column":61}},"304":{"start":{"line":574,"column":19},"end":{"line":574,"column":121}},"305":{"start":{"line":575,"column":4},"end":{"line":575,"column":60}},"306":{"start":{"line":580,"column":23},"end":{"line":580,"column":61}},"307":{"start":{"line":581,"column":4},"end":{"line":586,"column":5}},"308":{"start":{"line":582,"column":23},"end":{"line":582,"column":110}},"309":{"start":{"line":583,"column":8},"end":{"line":583,"column":64}},"310":{"start":{"line":585,"column":8},"end":{"line":585,"column":21}},"311":{"start":{"line":592,"column":23},"end":{"line":592,"column":61}},"312":{"start":{"line":593,"column":4},"end":{"line":598,"column":5}},"313":{"start":{"line":594,"column":23},"end":{"line":594,"column":106}},"314":{"start":{"line":595,"column":8},"end":{"line":595,"column":64}},"315":{"start":{"line":597,"column":8},"end":{"line":597,"column":21}},"316":{"start":{"line":604,"column":23},"end":{"line":604,"column":61}},"317":{"start":{"line":605,"column":4},"end":{"line":613,"column":5}},"318":{"start":{"line":606,"column":23},"end":{"line":606,"column":63}},"319":{"start":{"line":607,"column":8},"end":{"line":609,"column":9}},"320":{"start":{"line":608,"column":12},"end":{"line":608,"column":24}},"321":{"start":{"line":610,"column":8},"end":{"line":610,"column":37}},"322":{"start":{"line":612,"column":8},"end":{"line":612,"column":20}},"323":{"start":{"line":618,"column":31},"end":{"line":618,"column":84}},"324":{"start":{"line":619,"column":22},"end":{"line":619,"column":63}},"325":{"start":{"line":621,"column":24},"end":{"line":621,"column":75}},"326":{"start":{"line":622,"column":4},"end":{"line":622,"column":50}},"327":{"start":{"line":623,"column":4},"end":{"line":623,"column":50}},"328":{"start":{"line":625,"column":4},"end":{"line":632,"column":5}},"329":{"start":{"line":626,"column":8},"end":{"line":626,"column":110}},"330":{"start":{"line":627,"column":8},"end":{"line":627,"column":35}},"331":{"start":{"line":629,"column":20},"end":{"line":629,"column":59}},"332":{"start":{"line":630,"column":8},"end":{"line":630,"column":30}},"333":{"start":{"line":631,"column":8},"end":{"line":631,"column":19}},"334":{"start":{"line":637,"column":31},"end":{"line":637,"column":84}},"335":{"start":{"line":638,"column":20},"end":{"line":638,"column":89}},"336":{"start":{"line":639,"column":4},"end":{"line":643,"column":5}},"337":{"start":{"line":640,"column":8},"end":{"line":642,"column":9}},"338":{"start":{"line":641,"column":25},"end":{"line":641,"column":54}},"339":{"start":{"line":645,"column":4},"end":{"line":649,"column":5}},"340":{"start":{"line":646,"column":20},"end":{"line":646,"column":50}},"341":{"start":{"line":647,"column":8},"end":{"line":647,"column":30}},"342":{"start":{"line":648,"column":8},"end":{"line":648,"column":19}},"343":{"start":{"line":651,"column":4},"end":{"line":659,"column":5}},"344":{"start":{"line":652,"column":8},"end":{"line":652,"column":101}},"345":{"start":{"line":653,"column":8},"end":{"line":653,"column":73}},"346":{"start":{"line":656,"column":20},"end":{"line":656,"column":59}},"347":{"start":{"line":657,"column":8},"end":{"line":657,"column":30}},"348":{"start":{"line":658,"column":8},"end":{"line":658,"column":19}},"349":{"start":{"line":661,"column":27},"end":{"line":661,"column":65}},"350":{"start":{"line":662,"column":4},"end":{"line":662,"column":100}},"351":{"start":{"line":663,"column":4},"end":{"line":663,"column":34}},"352":{"start":{"line":668,"column":31},"end":{"line":668,"column":84}},"353":{"start":{"line":669,"column":22},"end":{"line":669,"column":63}},"354":{"start":{"line":670,"column":25},"end":{"line":670,"column":47}},"355":{"start":{"line":671,"column":26},"end":{"line":671,"column":28}},"356":{"start":{"line":672,"column":4},"end":{"line":677,"column":5}},"357":{"start":{"line":673,"column":8},"end":{"line":676,"column":9}},"358":{"start":{"line":674,"column":12},"end":{"line":674,"column":52}},"359":{"start":{"line":675,"column":12},"end":{"line":675,"column":17}},"360":{"start":{"line":679,"column":4},"end":{"line":679,"column":52}},"361":{"start":{"line":680,"column":4},"end":{"line":680,"column":54}},"362":{"start":{"line":681,"column":4},"end":{"line":681,"column":58}},"363":{"start":{"line":682,"column":4},"end":{"line":682,"column":64}},"364":{"start":{"line":683,"column":4},"end":{"line":683,"column":26}},"365":{"start":{"line":685,"column":4},"end":{"line":692,"column":5}},"366":{"start":{"line":686,"column":8},"end":{"line":686,"column":96}},"367":{"start":{"line":687,"column":8},"end":{"line":687,"column":35}},"368":{"start":{"line":689,"column":20},"end":{"line":689,"column":59}},"369":{"start":{"line":690,"column":8},"end":{"line":690,"column":30}},"370":{"start":{"line":691,"column":8},"end":{"line":691,"column":19}},"371":{"start":{"line":697,"column":4},"end":{"line":704,"column":5}},"372":{"start":{"line":698,"column":8},"end":{"line":698,"column":111}},"373":{"start":{"line":699,"column":8},"end":{"line":699,"column":37}},"374":{"start":{"line":701,"column":20},"end":{"line":701,"column":59}},"375":{"start":{"line":702,"column":8},"end":{"line":702,"column":30}},"376":{"start":{"line":703,"column":8},"end":{"line":703,"column":19}},"377":{"start":{"line":717,"column":23},"end":{"line":717,"column":61}},"378":{"start":{"line":718,"column":4},"end":{"line":726,"column":5}},"379":{"start":{"line":719,"column":23},"end":{"line":719,"column":63}},"380":{"start":{"line":720,"column":8},"end":{"line":722,"column":9}},"381":{"start":{"line":721,"column":12},"end":{"line":721,"column":24}},"382":{"start":{"line":723,"column":8},"end":{"line":723,"column":32}},"383":{"start":{"line":725,"column":8},"end":{"line":725,"column":20}},"384":{"start":{"line":732,"column":23},"end":{"line":732,"column":67}},"385":{"start":{"line":733,"column":4},"end":{"line":743,"column":5}},"386":{"start":{"line":734,"column":23},"end":{"line":737,"column":9}},"387":{"start":{"line":738,"column":8},"end":{"line":738,"column":54}},"388":{"start":{"line":740,"column":8},"end":{"line":740,"column":81}},"389":{"start":{"line":741,"column":8},"end":{"line":741,"column":60}},"390":{"start":{"line":742,"column":8},"end":{"line":742,"column":21}},"391":{"start":{"line":755,"column":23},"end":{"line":755,"column":78}},"392":{"start":{"line":756,"column":4},"end":{"line":756,"column":22}},"393":{"start":{"line":757,"column":4},"end":{"line":762,"column":5}},"394":{"start":{"line":758,"column":24},"end":{"line":758,"column":63}},"395":{"start":{"line":759,"column":8},"end":{"line":759,"column":23}},"396":{"start":{"line":761,"column":8},"end":{"line":761,"column":20}},"397":{"start":{"line":767,"column":23},"end":{"line":767,"column":72}},"398":{"start":{"line":768,"column":17},"end":{"line":768,"column":90}},"399":{"start":{"line":769,"column":4},"end":{"line":769,"column":16}},"400":{"start":{"line":775,"column":15},"end":{"line":775,"column":33}},"401":{"start":{"line":777,"column":23},"end":{"line":777,"column":45}},"402":{"start":{"line":780,"column":17},"end":{"line":780,"column":19}},"403":{"start":{"line":783,"column":18},"end":{"line":783,"column":68}},"404":{"start":{"line":784,"column":4},"end":{"line":786,"column":5}},"405":{"start":{"line":785,"column":8},"end":{"line":785,"column":22}},"406":{"start":{"line":788,"column":4},"end":{"line":792,"column":5}},"407":{"start":{"line":789,"column":8},"end":{"line":789,"column":57}},"408":{"start":{"line":791,"column":8},"end":{"line":791,"column":69}},"409":{"start":{"line":794,"column":15},"end":{"line":794,"column":36}},"410":{"start":{"line":795,"column":4},"end":{"line":797,"column":5}},"411":{"start":{"line":796,"column":8},"end":{"line":796,"column":36}},"412":{"start":{"line":799,"column":4},"end":{"line":799,"column":18}},"413":{"start":{"line":810,"column":20},"end":{"line":810,"column":87}},"414":{"start":{"line":811,"column":25},"end":{"line":811,"column":40}},"415":{"start":{"line":812,"column":20},"end":{"line":812,"column":89}},"416":{"start":{"line":814,"column":22},"end":{"line":814,"column":50}},"417":{"start":{"line":815,"column":26},"end":{"line":815,"column":47}},"418":{"start":{"line":818,"column":21},"end":{"line":818,"column":52}},"419":{"start":{"line":819,"column":23},"end":{"line":819,"column":51}},"420":{"start":{"line":822,"column":4},"end":{"line":822,"column":35}},"421":{"start":{"line":823,"column":4},"end":{"line":823,"column":39}},"422":{"start":{"line":827,"column":25},"end":{"line":827,"column":78}},"423":{"start":{"line":828,"column":18},"end":{"line":828,"column":61}},"424":{"start":{"line":830,"column":20},"end":{"line":830,"column":42}},"425":{"start":{"line":832,"column":4},"end":{"line":834,"column":5}},"426":{"start":{"line":833,"column":8},"end":{"line":833,"column":21}},"427":{"start":{"line":836,"column":4},"end":{"line":836,"column":32}},"428":{"start":{"line":840,"column":4},"end":{"line":847,"column":5}},"429":{"start":{"line":844,"column":8},"end":{"line":844,"column":20}},"430":{"start":{"line":846,"column":8},"end":{"line":846,"column":19}},"431":{"start":{"line":851,"column":24},"end":{"line":851,"column":26}},"432":{"start":{"line":852,"column":22},"end":{"line":852,"column":50}},"433":{"start":{"line":853,"column":23},"end":{"line":853,"column":56}},"434":{"start":{"line":854,"column":4},"end":{"line":860,"column":5}},"435":{"start":{"line":854,"column":17},"end":{"line":854,"column":18}},"436":{"start":{"line":855,"column":8},"end":{"line":859,"column":9}},"437":{"start":{"line":856,"column":12},"end":{"line":856,"column":35}},"438":{"start":{"line":858,"column":12},"end":{"line":858,"column":35}},"439":{"start":{"line":861,"column":4},"end":{"line":861,"column":24}},"440":{"start":{"line":865,"column":4},"end":{"line":865,"column":44}},"441":{"start":{"line":869,"column":4},"end":{"line":887,"column":5}},"442":{"start":{"line":870,"column":25},"end":{"line":875,"column":10}},"443":{"start":{"line":877,"column":8},"end":{"line":884,"column":9}},"444":{"start":{"line":878,"column":29},"end":{"line":878,"column":62}},"445":{"start":{"line":879,"column":24},"end":{"line":879,"column":36}},"446":{"start":{"line":880,"column":24},"end":{"line":880,"column":36}},"447":{"start":{"line":881,"column":12},"end":{"line":881,"column":32}},"448":{"start":{"line":883,"column":12},"end":{"line":883,"column":48}},"449":{"start":{"line":886,"column":8},"end":{"line":886,"column":70}},"450":{"start":{"line":894,"column":0},"end":{"line":929,"column":2}}},"fnMap":{"0":{"name":"setURL","decl":{"start":{"line":17,"column":9},"end":{"line":17,"column":15}},"loc":{"start":{"line":17,"column":21},"end":{"line":19,"column":1}},"line":17},"1":{"name":"dbh_init","decl":{"start":{"line":24,"column":15},"end":{"line":24,"column":23}},"loc":{"start":{"line":24,"column":26},"end":{"line":35,"column":1}},"line":24},"2":{"name":"dbh_deinit","decl":{"start":{"line":40,"column":15},"end":{"line":40,"column":25}},"loc":{"start":{"line":40,"column":28},"end":{"line":43,"column":1}},"line":40},"3":{"name":"getRooms","decl":{"start":{"line":47,"column":15},"end":{"line":47,"column":23}},"loc":{"start":{"line":47,"column":47},"end":{"line":59,"column":1}},"line":47},"4":{"name":"getRoom","decl":{"start":{"line":67,"column":15},"end":{"line":67,"column":22}},"loc":{"start":{"line":67,"column":54},"end":{"line":72,"column":1}},"line":67},"5":{"name":"getSlots","decl":{"start":{"line":75,"column":15},"end":{"line":75,"column":23}},"loc":{"start":{"line":75,"column":35},"end":{"line":109,"column":1}},"line":75},"6":{"name":"bookStudyRooms","decl":{"start":{"line":112,"column":15},"end":{"line":112,"column":29}},"loc":{"start":{"line":112,"column":43},"end":{"line":205,"column":1}},"line":112},"7":{"name":"waitlistStudyRooms","decl":{"start":{"line":207,"column":15},"end":{"line":207,"column":33}},"loc":{"start":{"line":207,"column":47},"end":{"line":270,"column":1}},"line":207},"8":{"name":"updateBooking","decl":{"start":{"line":275,"column":15},"end":{"line":275,"column":28}},"loc":{"start":{"line":275,"column":51},"end":{"line":289,"column":1}},"line":275},"9":{"name":"filterRooms","decl":{"start":{"line":292,"column":15},"end":{"line":292,"column":26}},"loc":{"start":{"line":292,"column":39},"end":{"line":343,"column":1}},"line":292},"10":{"name":"(anonymous_10)","decl":{"start":{"line":338,"column":43},"end":{"line":338,"column":44}},"loc":{"start":{"line":338,"column":57},"end":{"line":338,"column":62}},"line":338},"11":{"name":"(anonymous_11)","decl":{"start":{"line":340,"column":17},"end":{"line":340,"column":18}},"loc":{"start":{"line":340,"column":27},"end":{"line":340,"column":72}},"line":340},"12":{"name":"(anonymous_12)","decl":{"start":{"line":341,"column":36},"end":{"line":341,"column":37}},"loc":{"start":{"line":341,"column":45},"end":{"line":341,"column":66}},"line":341},"13":{"name":"userLogin","decl":{"start":{"line":345,"column":15},"end":{"line":345,"column":24}},"loc":{"start":{"line":345,"column":35},"end":{"line":356,"column":1}},"line":345},"14":{"name":"checkUser","decl":{"start":{"line":359,"column":15},"end":{"line":359,"column":24}},"loc":{"start":{"line":359,"column":36},"end":{"line":369,"column":1}},"line":359},"15":{"name":"getBookings","decl":{"start":{"line":372,"column":15},"end":{"line":372,"column":26}},"loc":{"start":{"line":372,"column":32},"end":{"line":393,"column":1}},"line":372},"16":{"name":"cancelBooking","decl":{"start":{"line":395,"column":15},"end":{"line":395,"column":28}},"loc":{"start":{"line":395,"column":39},"end":{"line":434,"column":1}},"line":395},"17":{"name":"confirmBooking","decl":{"start":{"line":436,"column":15},"end":{"line":436,"column":29}},"loc":{"start":{"line":436,"column":43},"end":{"line":503,"column":1}},"line":436},"18":{"name":"commentUploader","decl":{"start":{"line":506,"column":9},"end":{"line":506,"column":24}},"loc":{"start":{"line":506,"column":34},"end":{"line":529,"column":1}},"line":506},"19":{"name":"(anonymous_19)","decl":{"start":{"line":521,"column":8},"end":{"line":521,"column":9}},"loc":{"start":{"line":521,"column":17},"end":{"line":525,"column":9}},"line":521},"20":{"name":"submitReport","decl":{"start":{"line":535,"column":9},"end":{"line":535,"column":21}},"loc":{"start":{"line":535,"column":34},"end":{"line":550,"column":1}},"line":535},"21":{"name":"(anonymous_21)","decl":{"start":{"line":541,"column":8},"end":{"line":541,"column":9}},"loc":{"start":{"line":541,"column":15},"end":{"line":543,"column":9}},"line":541},"22":{"name":"(anonymous_22)","decl":{"start":{"line":545,"column":8},"end":{"line":545,"column":9}},"loc":{"start":{"line":545,"column":15},"end":{"line":547,"column":9}},"line":545},"23":{"name":"addAdmin","decl":{"start":{"line":559,"column":15},"end":{"line":559,"column":23}},"loc":{"start":{"line":559,"column":31},"end":{"line":569,"column":1}},"line":559},"24":{"name":"delAdmin","decl":{"start":{"line":571,"column":15},"end":{"line":571,"column":23}},"loc":{"start":{"line":571,"column":31},"end":{"line":576,"column":1}},"line":571},"25":{"name":"addBuildingAdmin","decl":{"start":{"line":578,"column":15},"end":{"line":578,"column":31}},"loc":{"start":{"line":578,"column":49},"end":{"line":588,"column":1}},"line":578},"26":{"name":"delBuildingAdmin","decl":{"start":{"line":590,"column":15},"end":{"line":590,"column":31}},"loc":{"start":{"line":590,"column":49},"end":{"line":600,"column":1}},"line":590},"27":{"name":"getAdminBuildings","decl":{"start":{"line":602,"column":15},"end":{"line":602,"column":32}},"loc":{"start":{"line":602,"column":40},"end":{"line":615,"column":1}},"line":602},"28":{"name":"addBuilding","decl":{"start":{"line":617,"column":15},"end":{"line":617,"column":26}},"loc":{"start":{"line":617,"column":41},"end":{"line":634,"column":1}},"line":617},"29":{"name":"delBuilding","decl":{"start":{"line":636,"column":15},"end":{"line":636,"column":26}},"loc":{"start":{"line":636,"column":41},"end":{"line":665,"column":1}},"line":636},"30":{"name":"addRoom","decl":{"start":{"line":667,"column":15},"end":{"line":667,"column":22}},"loc":{"start":{"line":667,"column":33},"end":{"line":694,"column":1}},"line":667},"31":{"name":"delRoom","decl":{"start":{"line":696,"column":15},"end":{"line":696,"column":22}},"loc":{"start":{"line":696,"column":33},"end":{"line":705,"column":1}},"line":696},"32":{"name":"findUserDevToken","decl":{"start":{"line":714,"column":15},"end":{"line":714,"column":31}},"loc":{"start":{"line":714,"column":39},"end":{"line":728,"column":1}},"line":714},"33":{"name":"updateUserTokens","decl":{"start":{"line":730,"column":15},"end":{"line":730,"column":31}},"loc":{"start":{"line":730,"column":50},"end":{"line":745,"column":1}},"line":730},"34":{"name":"findBookingByDate","decl":{"start":{"line":752,"column":15},"end":{"line":752,"column":32}},"loc":{"start":{"line":752,"column":39},"end":{"line":764,"column":1}},"line":752},"35":{"name":"removeInvalidBookings","decl":{"start":{"line":766,"column":15},"end":{"line":766,"column":36}},"loc":{"start":{"line":766,"column":56},"end":{"line":770,"column":1}},"line":766},"36":{"name":"getAdminList","decl":{"start":{"line":772,"column":15},"end":{"line":772,"column":27}},"loc":{"start":{"line":772,"column":30},"end":{"line":800,"column":1}},"line":772},"37":{"name":"dateTimeValidator","decl":{"start":{"line":809,"column":9},"end":{"line":809,"column":26}},"loc":{"start":{"line":809,"column":44},"end":{"line":837,"column":1}},"line":809},"38":{"name":"timeValidator","decl":{"start":{"line":839,"column":9},"end":{"line":839,"column":22}},"loc":{"start":{"line":839,"column":43},"end":{"line":848,"column":1}},"line":839},"39":{"name":"createSlots","decl":{"start":{"line":850,"column":9},"end":{"line":850,"column":20}},"loc":{"start":{"line":850,"column":50},"end":{"line":862,"column":1}},"line":850},"40":{"name":"timeConvertor","decl":{"start":{"line":864,"column":9},"end":{"line":864,"column":22}},"loc":{"start":{"line":864,"column":29},"end":{"line":866,"column":1}},"line":864},"41":{"name":"getCoordinates","decl":{"start":{"line":868,"column":15},"end":{"line":868,"column":29}},"loc":{"start":{"line":868,"column":39},"end":{"line":888,"column":1}},"line":868}},"branchMap":{"0":{"loc":{"start":{"line":50,"column":4},"end":{"line":55,"column":5}},"type":"if","locations":[{"start":{"line":50,"column":4},"end":{"line":55,"column":5}},{"start":{},"end":{}}],"line":50},"1":{"loc":{"start":{"line":51,"column":8},"end":{"line":53,"column":9}},"type":"if","locations":[{"start":{"line":51,"column":8},"end":{"line":53,"column":9}},{"start":{},"end":{}}],"line":51},"2":{"loc":{"start":{"line":79,"column":4},"end":{"line":83,"column":5}},"type":"if","locations":[{"start":{"line":79,"column":4},"end":{"line":83,"column":5}},{"start":{},"end":{}}],"line":79},"3":{"loc":{"start":{"line":88,"column":4},"end":{"line":92,"column":5}},"type":"if","locations":[{"start":{"line":88,"column":4},"end":{"line":92,"column":5}},{"start":{},"end":{}}],"line":88},"4":{"loc":{"start":{"line":97,"column":4},"end":{"line":106,"column":5}},"type":"if","locations":[{"start":{"line":97,"column":4},"end":{"line":106,"column":5}},{"start":{"line":99,"column":11},"end":{"line":106,"column":5}}],"line":97},"5":{"loc":{"start":{"line":97,"column":8},"end":{"line":97,"column":48}},"type":"binary-expr","locations":[{"start":{"line":97,"column":8},"end":{"line":97,"column":20}},{"start":{"line":97,"column":24},"end":{"line":97,"column":48}}],"line":97},"6":{"loc":{"start":{"line":102,"column":12},"end":{"line":104,"column":13}},"type":"if","locations":[{"start":{"line":102,"column":12},"end":{"line":104,"column":13}},{"start":{},"end":{}}],"line":102},"7":{"loc":{"start":{"line":102,"column":16},"end":{"line":102,"column":48}},"type":"binary-expr","locations":[{"start":{"line":102,"column":16},"end":{"line":102,"column":30}},{"start":{"line":102,"column":34},"end":{"line":102,"column":48}}],"line":102},"8":{"loc":{"start":{"line":119,"column":4},"end":{"line":123,"column":5}},"type":"if","locations":[{"start":{"line":119,"column":4},"end":{"line":123,"column":5}},{"start":{},"end":{}}],"line":119},"9":{"loc":{"start":{"line":119,"column":8},"end":{"line":119,"column":37}},"type":"binary-expr","locations":[{"start":{"line":119,"column":9},"end":{"line":119,"column":19}},{"start":{"line":119,"column":25},"end":{"line":119,"column":36}}],"line":119},"10":{"loc":{"start":{"line":127,"column":4},"end":{"line":131,"column":5}},"type":"if","locations":[{"start":{"line":127,"column":4},"end":{"line":131,"column":5}},{"start":{},"end":{}}],"line":127},"11":{"loc":{"start":{"line":137,"column":4},"end":{"line":141,"column":5}},"type":"if","locations":[{"start":{"line":137,"column":4},"end":{"line":141,"column":5}},{"start":{},"end":{}}],"line":137},"12":{"loc":{"start":{"line":137,"column":8},"end":{"line":137,"column":63}},"type":"binary-expr","locations":[{"start":{"line":137,"column":9},"end":{"line":137,"column":33}},{"start":{"line":137,"column":39},"end":{"line":137,"column":62}}],"line":137},"13":{"loc":{"start":{"line":153,"column":4},"end":{"line":157,"column":5}},"type":"if","locations":[{"start":{"line":153,"column":4},"end":{"line":157,"column":5}},{"start":{},"end":{}}],"line":153},"14":{"loc":{"start":{"line":159,"column":4},"end":{"line":162,"column":5}},"type":"if","locations":[{"start":{"line":159,"column":4},"end":{"line":162,"column":5}},{"start":{},"end":{}}],"line":159},"15":{"loc":{"start":{"line":168,"column":8},"end":{"line":172,"column":9}},"type":"if","locations":[{"start":{"line":168,"column":8},"end":{"line":172,"column":9}},{"start":{},"end":{}}],"line":168},"16":{"loc":{"start":{"line":180,"column":8},"end":{"line":184,"column":9}},"type":"if","locations":[{"start":{"line":180,"column":8},"end":{"line":184,"column":9}},{"start":{"line":182,"column":15},"end":{"line":184,"column":9}}],"line":180},"17":{"loc":{"start":{"line":214,"column":4},"end":{"line":218,"column":5}},"type":"if","locations":[{"start":{"line":214,"column":4},"end":{"line":218,"column":5}},{"start":{},"end":{}}],"line":214},"18":{"loc":{"start":{"line":214,"column":8},"end":{"line":214,"column":37}},"type":"binary-expr","locations":[{"start":{"line":214,"column":9},"end":{"line":214,"column":19}},{"start":{"line":214,"column":25},"end":{"line":214,"column":36}}],"line":214},"19":{"loc":{"start":{"line":222,"column":4},"end":{"line":226,"column":5}},"type":"if","locations":[{"start":{"line":222,"column":4},"end":{"line":226,"column":5}},{"start":{},"end":{}}],"line":222},"20":{"loc":{"start":{"line":235,"column":4},"end":{"line":239,"column":5}},"type":"if","locations":[{"start":{"line":235,"column":4},"end":{"line":239,"column":5}},{"start":{},"end":{}}],"line":235},"21":{"loc":{"start":{"line":235,"column":8},"end":{"line":235,"column":50}},"type":"binary-expr","locations":[{"start":{"line":235,"column":8},"end":{"line":235,"column":21}},{"start":{"line":235,"column":25},"end":{"line":235,"column":50}}],"line":235},"22":{"loc":{"start":{"line":246,"column":8},"end":{"line":254,"column":9}},"type":"if","locations":[{"start":{"line":246,"column":8},"end":{"line":254,"column":9}},{"start":{"line":250,"column":15},"end":{"line":254,"column":9}}],"line":246},"23":{"loc":{"start":{"line":246,"column":12},"end":{"line":246,"column":119}},"type":"binary-expr","locations":[{"start":{"line":246,"column":12},"end":{"line":246,"column":45}},{"start":{"line":246,"column":49},"end":{"line":246,"column":82}},{"start":{"line":246,"column":86},"end":{"line":246,"column":119}}],"line":246},"24":{"loc":{"start":{"line":250,"column":15},"end":{"line":254,"column":9}},"type":"if","locations":[{"start":{"line":250,"column":15},"end":{"line":254,"column":9}},{"start":{},"end":{}}],"line":250},"25":{"loc":{"start":{"line":283,"column":15},"end":{"line":283,"column":53}},"type":"binary-expr","locations":[{"start":{"line":283,"column":15},"end":{"line":283,"column":29}},{"start":{"line":283,"column":33},"end":{"line":283,"column":53}}],"line":283},"26":{"loc":{"start":{"line":327,"column":16},"end":{"line":330,"column":17}},"type":"if","locations":[{"start":{"line":327,"column":16},"end":{"line":330,"column":17}},{"start":{},"end":{}}],"line":327},"27":{"loc":{"start":{"line":332,"column":12},"end":{"line":335,"column":13}},"type":"if","locations":[{"start":{"line":332,"column":12},"end":{"line":335,"column":13}},{"start":{},"end":{}}],"line":332},"28":{"loc":{"start":{"line":348,"column":4},"end":{"line":352,"column":5}},"type":"if","locations":[{"start":{"line":348,"column":4},"end":{"line":352,"column":5}},{"start":{},"end":{}}],"line":348},"29":{"loc":{"start":{"line":362,"column":4},"end":{"line":368,"column":5}},"type":"if","locations":[{"start":{"line":362,"column":4},"end":{"line":368,"column":5}},{"start":{"line":364,"column":11},"end":{"line":368,"column":5}}],"line":362},"30":{"loc":{"start":{"line":380,"column":8},"end":{"line":382,"column":9}},"type":"if","locations":[{"start":{"line":380,"column":8},"end":{"line":382,"column":9}},{"start":{},"end":{}}],"line":380},"31":{"loc":{"start":{"line":383,"column":8},"end":{"line":385,"column":9}},"type":"if","locations":[{"start":{"line":383,"column":8},"end":{"line":385,"column":9}},{"start":{},"end":{}}],"line":383},"32":{"loc":{"start":{"line":402,"column":8},"end":{"line":404,"column":9}},"type":"if","locations":[{"start":{"line":402,"column":8},"end":{"line":404,"column":9}},{"start":{},"end":{}}],"line":402},"33":{"loc":{"start":{"line":407,"column":4},"end":{"line":411,"column":5}},"type":"if","locations":[{"start":{"line":407,"column":4},"end":{"line":411,"column":5}},{"start":{},"end":{}}],"line":407},"34":{"loc":{"start":{"line":444,"column":8},"end":{"line":446,"column":9}},"type":"if","locations":[{"start":{"line":444,"column":8},"end":{"line":446,"column":9}},{"start":{},"end":{}}],"line":444},"35":{"loc":{"start":{"line":450,"column":4},"end":{"line":454,"column":5}},"type":"if","locations":[{"start":{"line":450,"column":4},"end":{"line":454,"column":5}},{"start":{},"end":{}}],"line":450},"36":{"loc":{"start":{"line":465,"column":8},"end":{"line":470,"column":9}},"type":"if","locations":[{"start":{"line":465,"column":8},"end":{"line":470,"column":9}},{"start":{},"end":{}}],"line":465},"37":{"loc":{"start":{"line":478,"column":4},"end":{"line":502,"column":5}},"type":"if","locations":[{"start":{"line":478,"column":4},"end":{"line":502,"column":5}},{"start":{"line":498,"column":11},"end":{"line":502,"column":5}}],"line":478},"38":{"loc":{"start":{"line":512,"column":4},"end":{"line":514,"column":5}},"type":"if","locations":[{"start":{"line":512,"column":4},"end":{"line":514,"column":5}},{"start":{},"end":{}}],"line":512},"39":{"loc":{"start":{"line":516,"column":4},"end":{"line":518,"column":5}},"type":"if","locations":[{"start":{"line":516,"column":4},"end":{"line":518,"column":5}},{"start":{},"end":{}}],"line":516},"40":{"loc":{"start":{"line":522,"column":12},"end":{"line":524,"column":13}},"type":"if","locations":[{"start":{"line":522,"column":12},"end":{"line":524,"column":13}},{"start":{},"end":{}}],"line":522},"41":{"loc":{"start":{"line":575,"column":11},"end":{"line":575,"column":59}},"type":"binary-expr","locations":[{"start":{"line":575,"column":11},"end":{"line":575,"column":30}},{"start":{"line":575,"column":34},"end":{"line":575,"column":59}}],"line":575},"42":{"loc":{"start":{"line":583,"column":15},"end":{"line":583,"column":63}},"type":"binary-expr","locations":[{"start":{"line":583,"column":15},"end":{"line":583,"column":34}},{"start":{"line":583,"column":38},"end":{"line":583,"column":63}}],"line":583},"43":{"loc":{"start":{"line":595,"column":15},"end":{"line":595,"column":63}},"type":"binary-expr","locations":[{"start":{"line":595,"column":15},"end":{"line":595,"column":34}},{"start":{"line":595,"column":38},"end":{"line":595,"column":63}}],"line":595},"44":{"loc":{"start":{"line":607,"column":8},"end":{"line":609,"column":9}},"type":"if","locations":[{"start":{"line":607,"column":8},"end":{"line":609,"column":9}},{"start":{},"end":{}}],"line":607},"45":{"loc":{"start":{"line":607,"column":12},"end":{"line":607,"column":54}},"type":"binary-expr","locations":[{"start":{"line":607,"column":12},"end":{"line":607,"column":27}},{"start":{"line":607,"column":31},"end":{"line":607,"column":54}}],"line":607},"46":{"loc":{"start":{"line":640,"column":8},"end":{"line":642,"column":9}},"type":"if","locations":[{"start":{"line":640,"column":8},"end":{"line":642,"column":9}},{"start":{},"end":{}}],"line":640},"47":{"loc":{"start":{"line":645,"column":4},"end":{"line":649,"column":5}},"type":"if","locations":[{"start":{"line":645,"column":4},"end":{"line":649,"column":5}},{"start":{},"end":{}}],"line":645},"48":{"loc":{"start":{"line":673,"column":8},"end":{"line":676,"column":9}},"type":"if","locations":[{"start":{"line":673,"column":8},"end":{"line":676,"column":9}},{"start":{},"end":{}}],"line":673},"49":{"loc":{"start":{"line":720,"column":8},"end":{"line":722,"column":9}},"type":"if","locations":[{"start":{"line":720,"column":8},"end":{"line":722,"column":9}},{"start":{},"end":{}}],"line":720},"50":{"loc":{"start":{"line":720,"column":12},"end":{"line":720,"column":54}},"type":"binary-expr","locations":[{"start":{"line":720,"column":12},"end":{"line":720,"column":26}},{"start":{"line":720,"column":30},"end":{"line":720,"column":54}}],"line":720},"51":{"loc":{"start":{"line":738,"column":15},"end":{"line":738,"column":53}},"type":"binary-expr","locations":[{"start":{"line":738,"column":15},"end":{"line":738,"column":29}},{"start":{"line":738,"column":33},"end":{"line":738,"column":53}}],"line":738},"52":{"loc":{"start":{"line":784,"column":4},"end":{"line":786,"column":5}},"type":"if","locations":[{"start":{"line":784,"column":4},"end":{"line":786,"column":5}},{"start":{},"end":{}}],"line":784},"53":{"loc":{"start":{"line":828,"column":18},"end":{"line":828,"column":61}},"type":"binary-expr","locations":[{"start":{"line":828,"column":18},"end":{"line":828,"column":37}},{"start":{"line":828,"column":41},"end":{"line":828,"column":61}}],"line":828},"54":{"loc":{"start":{"line":832,"column":4},"end":{"line":834,"column":5}},"type":"if","locations":[{"start":{"line":832,"column":4},"end":{"line":834,"column":5}},{"start":{},"end":{}}],"line":832},"55":{"loc":{"start":{"line":840,"column":4},"end":{"line":847,"column":5}},"type":"if","locations":[{"start":{"line":840,"column":4},"end":{"line":847,"column":5}},{"start":{"line":845,"column":11},"end":{"line":847,"column":5}}],"line":840},"56":{"loc":{"start":{"line":840,"column":8},"end":{"line":843,"column":62}},"type":"binary-expr","locations":[{"start":{"line":840,"column":9},"end":{"line":840,"column":28}},{"start":{"line":840,"column":34},"end":{"line":840,"column":67}},{"start":{"line":841,"column":12},"end":{"line":841,"column":35}},{"start":{"line":841,"column":41},"end":{"line":841,"column":66}},{"start":{"line":842,"column":13},"end":{"line":842,"column":31}},{"start":{"line":842,"column":37},"end":{"line":842,"column":56}},{"start":{"line":843,"column":13},"end":{"line":843,"column":33}},{"start":{"line":843,"column":39},"end":{"line":843,"column":60}}],"line":840},"57":{"loc":{"start":{"line":855,"column":8},"end":{"line":859,"column":9}},"type":"if","locations":[{"start":{"line":855,"column":8},"end":{"line":859,"column":9}},{"start":{"line":857,"column":15},"end":{"line":859,"column":9}}],"line":855},"58":{"loc":{"start":{"line":855,"column":12},"end":{"line":855,"column":47}},"type":"binary-expr","locations":[{"start":{"line":855,"column":13},"end":{"line":855,"column":26}},{"start":{"line":855,"column":32},"end":{"line":855,"column":46}}],"line":855},"59":{"loc":{"start":{"line":877,"column":8},"end":{"line":884,"column":9}},"type":"if","locations":[{"start":{"line":877,"column":8},"end":{"line":884,"column":9}},{"start":{"line":882,"column":15},"end":{"line":884,"column":9}}],"line":877}},"s":{"0":2,"1":2,"2":2,"3":2,"4":2,"5":2,"6":2,"7":2,"8":2,"9":0,"10":1,"11":1,"12":1,"13":1,"14":1,"15":0,"16":0,"17":1,"18":1,"19":0,"20":0,"21":0,"22":0,"23":0,"24":0,"25":0,"26":0,"27":0,"28":0,"29":0,"30":0,"31":0,"32":0,"33":0,"34":0,"35":0,"36":0,"37":0,"38":0,"39":0,"40":0,"41":0,"42":0,"43":0,"44":0,"45":0,"46":0,"47":0,"48":0,"49":0,"50":0,"51":0,"52":0,"53":0,"54":0,"55":0,"56":0,"57":0,"58":0,"59":0,"60":0,"61":0,"62":0,"63":0,"64":0,"65":0,"66":0,"67":0,"68":0,"69":0,"70":0,"71":0,"72":0,"73":0,"74":0,"75":0,"76":0,"77":0,"78":0,"79":0,"80":0,"81":0,"82":0,"83":0,"84":0,"85":0,"86":0,"87":0,"88":0,"89":0,"90":0,"91":0,"92":0,"93":0,"94":0,"95":0,"96":0,"97":0,"98":0,"99":0,"100":0,"101":0,"102":0,"103":0,"104":0,"105":0,"106":0,"107":0,"108":0,"109":0,"110":0,"111":0,"112":0,"113":0,"114":0,"115":0,"116":0,"117":0,"118":0,"119":0,"120":0,"121":0,"122":0,"123":0,"124":0,"125":0,"126":0,"127":0,"128":0,"129":0,"130":0,"131":0,"132":0,"133":0,"134":0,"135":0,"136":0,"137":0,"138":0,"139":0,"140":0,"141":0,"142":0,"143":0,"144":0,"145":0,"146":0,"147":0,"148":0,"149":0,"150":0,"151":0,"152":0,"153":0,"154":0,"155":0,"156":0,"157":0,"158":0,"159":0,"160":0,"161":0,"162":0,"163":0,"164":0,"165":0,"166":0,"167":0,"168":0,"169":0,"170":0,"171":0,"172":0,"173":0,"174":0,"175":0,"176":0,"177":0,"178":0,"179":0,"180":0,"181":0,"182":0,"183":0,"184":0,"185":0,"186":0,"187":0,"188":0,"189":0,"190":0,"191":0,"192":0,"193":0,"194":0,"195":0,"196":0,"197":0,"198":0,"199":0,"200":0,"201":0,"202":0,"203":0,"204":0,"205":0,"206":0,"207":0,"208":0,"209":0,"210":0,"211":0,"212":0,"213":0,"214":0,"215":0,"216":0,"217":0,"218":0,"219":0,"220":0,"221":0,"222":0,"223":0,"224":0,"225":0,"226":0,"227":0,"228":0,"229":0,"230":0,"231":0,"232":0,"233":0,"234":0,"235":0,"236":0,"237":0,"238":0,"239":0,"240":0,"241":0,"242":0,"243":0,"244":0,"245":0,"246":0,"247":0,"248":0,"249":0,"250":0,"251":0,"252":0,"253":0,"254":0,"255":0,"256":0,"257":0,"258":0,"259":0,"260":0,"261":0,"262":0,"263":0,"264":0,"265":0,"266":0,"267":0,"268":0,"269":0,"270":0,"271":0,"272":0,"273":0,"274":0,"275":0,"276":0,"277":0,"278":0,"279":0,"280":0,"281":0,"282":0,"283":0,"284":0,"285":0,"286":0,"287":0,"288":0,"289":0,"290":0,"291":0,"292":0,"293":0,"294":0,"295":0,"296":0,"297":0,"298":0,"299":0,"300":0,"301":0,"302":0,"303":0,"304":0,"305":0,"306":0,"307":0,"308":0,"309":0,"310":0,"311":0,"312":0,"313":0,"314":0,"315":0,"316":0,"317":0,"318":0,"319":0,"320":0,"321":0,"322":0,"323":2,"324":0,"325":0,"326":0,"327":0,"328":0,"329":0,"330":0,"331":0,"332":0,"333":0,"334":0,"335":0,"336":0,"337":0,"338":0,"339":0,"340":0,"341":0,"342":0,"343":0,"344":0,"345":0,"346":0,"347":0,"348":0,"349":0,"350":0,"351":0,"352":0,"353":0,"354":0,"355":0,"356":0,"357":0,"358":0,"359":0,"360":0,"361":0,"362":0,"363":0,"364":0,"365":0,"366":0,"367":0,"368":0,"369":0,"370":0,"371":0,"372":0,"373":0,"374":0,"375":0,"376":0,"377":0,"378":0,"379":0,"380":0,"381":0,"382":0,"383":0,"384":0,"385":0,"386":0,"387":0,"388":0,"389":0,"390":0,"391":0,"392":0,"393":0,"394":0,"395":0,"396":0,"397":0,"398":0,"399":0,"400":3,"401":3,"402":3,"403":3,"404":3,"405":1,"406":2,"407":2,"408":0,"409":2,"410":2,"411":3,"412":2,"413":0,"414":0,"415":0,"416":0,"417":0,"418":0,"419":0,"420":0,"421":0,"422":0,"423":0,"424":0,"425":0,"426":0,"427":0,"428":0,"429":0,"430":0,"431":0,"432":0,"433":0,"434":0,"435":0,"436":0,"437":0,"438":0,"439":0,"440":0,"441":0,"442":0,"443":0,"444":0,"445":0,"446":0,"447":0,"448":0,"449":0,"450":2},"f":{"0":0,"1":1,"2":1,"3":0,"4":0,"5":0,"6":0,"7":0,"8":0,"9":0,"10":0,"11":0,"12":0,"13":0,"14":0,"15":0,"16":0,"17":0,"18":0,"19":0,"20":0,"21":0,"22":0,"23":0,"24":0,"25":0,"26":0,"27":0,"28":2,"29":0,"30":0,"31":0,"32":0,"33":0,"34":0,"35":0,"36":3,"37":0,"38":0,"39":0,"40":0,"41":0},"b":{"0":[0,0],"1":[0,0],"2":[0,0],"3":[0,0],"4":[0,0],"5":[0,0],"6":[0,0],"7":[0,0],"8":[0,0],"9":[0,0],"10":[0,0],"11":[0,0],"12":[0,0],"13":[0,0],"14":[0,0],"15":[0,0],"16":[0,0],"17":[0,0],"18":[0,0],"19":[0,0],"20":[0,0],"21":[0,0],"22":[0,0],"23":[0,0,0],"24":[0,0],"25":[0,0],"26":[0,0],"27":[0,0],"28":[0,0],"29":[0,0],"30":[0,0],"31":[0,0],"32":[0,0],"33":[0,0],"34":[0,0],"35":[0,0],"36":[0,0],"37":[0,0],"38":[0,0],"39":[0,0],"40":[0,0],"41":[0,0],"42":[0,0],"43":[0,0],"44":[0,0],"45":[0,0],"46":[0,0],"47":[0,0],"48":[0,0],"49":[0,0],"50":[0,0],"51":[0,0],"52":[1,2],"53":[0,0],"54":[0,0],"55":[0,0],"56":[0,0,0,0,0,0,0,0],"57":[0,0],"58":[0,0],"59":[0,0]},"_coverageSchema":"1a1c01bbd47fc00a2c39e90264f33305004495a9","hash":"274afa9228ad65fbf3b50c7dbbffa2f246a5c47d"}
,"/home/dev/bookit_backend/modules/ils_manager.js": {"path":"/home/dev/bookit_backend/modules/ils_manager.js","statementMap":{"0":{"start":{"line":2,"column":19},"end":{"line":2,"column":42}},"1":{"start":{"line":3,"column":14},"end":{"line":3,"column":32}},"2":{"start":{"line":12,"column":25},"end":{"line":12,"column":49}},"3":{"start":{"line":13,"column":4},"end":{"line":18,"column":5}},"4":{"start":{"line":14,"column":23},"end":{"line":14,"column":72}},"5":{"start":{"line":15,"column":8},"end":{"line":15,"column":36}},"6":{"start":{"line":17,"column":8},"end":{"line":17,"column":35}},"7":{"start":{"line":23,"column":0},"end":{"line":25,"column":2}}},"fnMap":{"0":{"name":"listIlsRooms","decl":{"start":{"line":11,"column":15},"end":{"line":11,"column":27}},"loc":{"start":{"line":11,"column":38},"end":{"line":19,"column":1}},"line":11}},"branchMap":{},"s":{"0":1,"1":1,"2":0,"3":0,"4":0,"5":0,"6":0,"7":1},"f":{"0":0},"b":{},"_coverageSchema":"1a1c01bbd47fc00a2c39e90264f33305004495a9","hash":"72f9034c0c1fa65866173640b18aae6a2fa41010"}
,"/home/dev/bookit_backend/modules/lecture_room_manager.js": {"path":"/home/dev/bookit_backend/modules/lecture_room_manager.js","statementMap":{"0":{"start":{"line":1,"column":19},"end":{"line":1,"column":42}},"1":{"start":{"line":2,"column":14},"end":{"line":2,"column":32}},"2":{"start":{"line":6,"column":25},"end":{"line":6,"column":49}},"3":{"start":{"line":7,"column":4},"end":{"line":12,"column":5}},"4":{"start":{"line":8,"column":23},"end":{"line":8,"column":81}},"5":{"start":{"line":9,"column":8},"end":{"line":9,"column":36}},"6":{"start":{"line":11,"column":8},"end":{"line":11,"column":35}},"7":{"start":{"line":16,"column":0},"end":{"line":18,"column":2}}},"fnMap":{"0":{"name":"listLectureHalls","decl":{"start":{"line":5,"column":15},"end":{"line":5,"column":31}},"loc":{"start":{"line":5,"column":42},"end":{"line":13,"column":1}},"line":5}},"branchMap":{},"s":{"0":1,"1":1,"2":0,"3":0,"4":0,"5":0,"6":0,"7":1},"f":{"0":0},"b":{},"_coverageSchema":"1a1c01bbd47fc00a2c39e90264f33305004495a9","hash":"0bd58444b4611b29147e3e906d3a9859cca7158e"}
,"/home/dev/bookit_backend/modules/notification_manager.js": {"path":"/home/dev/bookit_backend/modules/notification_manager.js","statementMap":{"0":{"start":{"line":2,"column":14},"end":{"line":2,"column":39}},"1":{"start":{"line":3,"column":14},"end":{"line":3,"column":32}},"2":{"start":{"line":4,"column":19},"end":{"line":4,"column":42}},"3":{"start":{"line":5,"column":17},"end":{"line":5,"column":41}},"4":{"start":{"line":6,"column":23},"end":{"line":6,"column":62}},"5":{"start":{"line":16,"column":26},"end":{"line":16,"column":56}},"6":{"start":{"line":17,"column":20},"end":{"line":17,"column":42}},"7":{"start":{"line":28,"column":4},"end":{"line":32,"column":6}},"8":{"start":{"line":34,"column":4},"end":{"line":41,"column":5}},"9":{"start":{"line":35,"column":8},"end":{"line":35,"column":95}},"10":{"start":{"line":36,"column":8},"end":{"line":36,"column":95}},"11":{"start":{"line":38,"column":8},"end":{"line":38,"column":73}},"12":{"start":{"line":39,"column":8},"end":{"line":39,"column":57}},"13":{"start":{"line":40,"column":8},"end":{"line":40,"column":21}},"14":{"start":{"line":42,"column":4},"end":{"line":42,"column":67}},"15":{"start":{"line":43,"column":4},"end":{"line":43,"column":16}},"16":{"start":{"line":48,"column":4},"end":{"line":58,"column":5}},"17":{"start":{"line":50,"column":12},"end":{"line":50,"column":75}},"18":{"start":{"line":51,"column":12},"end":{"line":51,"column":47}},"19":{"start":{"line":55,"column":12},"end":{"line":55,"column":84}},"20":{"start":{"line":56,"column":12},"end":{"line":56,"column":61}},"21":{"start":{"line":69,"column":29},"end":{"line":69,"column":49}},"22":{"start":{"line":70,"column":4},"end":{"line":86,"column":5}},"23":{"start":{"line":71,"column":8},"end":{"line":79,"column":10}},"24":{"start":{"line":80,"column":8},"end":{"line":80,"column":74}},"25":{"start":{"line":81,"column":8},"end":{"line":81,"column":20}},"26":{"start":{"line":83,"column":8},"end":{"line":83,"column":110}},"27":{"start":{"line":84,"column":8},"end":{"line":84,"column":43}},"28":{"start":{"line":85,"column":8},"end":{"line":85,"column":21}},"29":{"start":{"line":105,"column":24},"end":{"line":105,"column":34}},"30":{"start":{"line":106,"column":21},"end":{"line":106,"column":45}},"31":{"start":{"line":107,"column":22},"end":{"line":107,"column":44}},"32":{"start":{"line":112,"column":4},"end":{"line":121,"column":5}},"33":{"start":{"line":113,"column":8},"end":{"line":113,"column":23}},"34":{"start":{"line":114,"column":8},"end":{"line":114,"column":22}},"35":{"start":{"line":115,"column":8},"end":{"line":115,"column":38}},"36":{"start":{"line":116,"column":8},"end":{"line":116,"column":35}},"37":{"start":{"line":118,"column":8},"end":{"line":118,"column":24}},"38":{"start":{"line":119,"column":8},"end":{"line":119,"column":22}},"39":{"start":{"line":120,"column":8},"end":{"line":120,"column":35}},"40":{"start":{"line":125,"column":15},"end":{"line":125,"column":40}},"41":{"start":{"line":126,"column":4},"end":{"line":130,"column":5}},"42":{"start":{"line":127,"column":8},"end":{"line":127,"column":45}},"43":{"start":{"line":129,"column":8},"end":{"line":129,"column":41}},"44":{"start":{"line":132,"column":4},"end":{"line":136,"column":5}},"45":{"start":{"line":133,"column":8},"end":{"line":133,"column":51}},"46":{"start":{"line":135,"column":8},"end":{"line":135,"column":47}},"47":{"start":{"line":138,"column":4},"end":{"line":138,"column":99}},"48":{"start":{"line":146,"column":27},"end":{"line":146,"column":74}},"49":{"start":{"line":147,"column":29},"end":{"line":147,"column":83}},"50":{"start":{"line":148,"column":20},"end":{"line":148,"column":70}},"51":{"start":{"line":149,"column":4},"end":{"line":151,"column":5}},"52":{"start":{"line":150,"column":8},"end":{"line":150,"column":15}},"53":{"start":{"line":152,"column":4},"end":{"line":182,"column":5}},"54":{"start":{"line":153,"column":25},"end":{"line":153,"column":27}},"55":{"start":{"line":155,"column":8},"end":{"line":158,"column":9}},"56":{"start":{"line":156,"column":12},"end":{"line":156,"column":23}},"57":{"start":{"line":157,"column":12},"end":{"line":157,"column":21}},"58":{"start":{"line":160,"column":8},"end":{"line":161,"column":21}},"59":{"start":{"line":161,"column":12},"end":{"line":161,"column":21}},"60":{"start":{"line":163,"column":21},"end":{"line":163,"column":72}},"61":{"start":{"line":164,"column":8},"end":{"line":167,"column":9}},"62":{"start":{"line":165,"column":12},"end":{"line":165,"column":19}},"63":{"start":{"line":166,"column":12},"end":{"line":166,"column":30}},"64":{"start":{"line":168,"column":8},"end":{"line":178,"column":9}},"65":{"start":{"line":169,"column":12},"end":{"line":170,"column":25}},"66":{"start":{"line":170,"column":16},"end":{"line":170,"column":25}},"67":{"start":{"line":171,"column":26},"end":{"line":173,"column":27}},"68":{"start":{"line":174,"column":12},"end":{"line":176,"column":13}},"69":{"start":{"line":175,"column":16},"end":{"line":175,"column":42}},"70":{"start":{"line":181,"column":8},"end":{"line":181,"column":58}},"71":{"start":{"line":197,"column":4},"end":{"line":214,"column":5}},"72":{"start":{"line":199,"column":8},"end":{"line":205,"column":9}},"73":{"start":{"line":200,"column":12},"end":{"line":200,"column":55}},"74":{"start":{"line":202,"column":12},"end":{"line":202,"column":84}},"75":{"start":{"line":203,"column":12},"end":{"line":203,"column":60}},"76":{"start":{"line":204,"column":12},"end":{"line":204,"column":21}},"77":{"start":{"line":207,"column":26},"end":{"line":207,"column":40}},"78":{"start":{"line":208,"column":8},"end":{"line":213,"column":9}},"79":{"start":{"line":209,"column":12},"end":{"line":211,"column":13}},"80":{"start":{"line":210,"column":16},"end":{"line":210,"column":25}},"81":{"start":{"line":212,"column":12},"end":{"line":212,"column":57}},"82":{"start":{"line":218,"column":0},"end":{"line":223,"column":1}}},"fnMap":{"0":{"name":"init","decl":{"start":{"line":26,"column":9},"end":{"line":26,"column":13}},"loc":{"start":{"line":26,"column":16},"end":{"line":44,"column":1}},"line":26},"1":{"name":"deInit","decl":{"start":{"line":47,"column":9},"end":{"line":47,"column":15}},"loc":{"start":{"line":47,"column":18},"end":{"line":59,"column":1}},"line":47},"2":{"name":"(anonymous_2)","decl":{"start":{"line":49,"column":8},"end":{"line":49,"column":9}},"loc":{"start":{"line":49,"column":14},"end":{"line":52,"column":9}},"line":49},"3":{"name":"(anonymous_3)","decl":{"start":{"line":54,"column":8},"end":{"line":54,"column":9}},"loc":{"start":{"line":54,"column":15},"end":{"line":57,"column":9}},"line":54},"4":{"name":"sendNotification","decl":{"start":{"line":67,"column":15},"end":{"line":67,"column":31}},"loc":{"start":{"line":67,"column":55},"end":{"line":88,"column":1}},"line":67},"5":{"name":"searchAndSendReminders","decl":{"start":{"line":96,"column":15},"end":{"line":96,"column":37}},"loc":{"start":{"line":96,"column":40},"end":{"line":183,"column":1}},"line":96},"6":{"name":"sendBulkNotifications","decl":{"start":{"line":190,"column":15},"end":{"line":190,"column":36}},"loc":{"start":{"line":190,"column":57},"end":{"line":216,"column":1}},"line":190}},"branchMap":{"0":{"loc":{"start":{"line":112,"column":4},"end":{"line":121,"column":5}},"type":"if","locations":[{"start":{"line":112,"column":4},"end":{"line":121,"column":5}},{"start":{"line":117,"column":11},"end":{"line":121,"column":5}}],"line":112},"1":{"loc":{"start":{"line":126,"column":4},"end":{"line":130,"column":5}},"type":"if","locations":[{"start":{"line":126,"column":4},"end":{"line":130,"column":5}},{"start":{"line":128,"column":11},"end":{"line":130,"column":5}}],"line":126},"2":{"loc":{"start":{"line":132,"column":4},"end":{"line":136,"column":5}},"type":"if","locations":[{"start":{"line":132,"column":4},"end":{"line":136,"column":5}},{"start":{"line":134,"column":11},"end":{"line":136,"column":5}}],"line":132},"3":{"loc":{"start":{"line":149,"column":4},"end":{"line":151,"column":5}},"type":"if","locations":[{"start":{"line":149,"column":4},"end":{"line":151,"column":5}},{"start":{},"end":{}}],"line":149},"4":{"loc":{"start":{"line":155,"column":8},"end":{"line":158,"column":9}},"type":"if","locations":[{"start":{"line":155,"column":8},"end":{"line":158,"column":9}},{"start":{},"end":{}}],"line":155},"5":{"loc":{"start":{"line":160,"column":8},"end":{"line":161,"column":21}},"type":"if","locations":[{"start":{"line":160,"column":8},"end":{"line":161,"column":21}},{"start":{},"end":{}}],"line":160},"6":{"loc":{"start":{"line":164,"column":8},"end":{"line":167,"column":9}},"type":"if","locations":[{"start":{"line":164,"column":8},"end":{"line":167,"column":9}},{"start":{},"end":{}}],"line":164},"7":{"loc":{"start":{"line":164,"column":12},"end":{"line":164,"column":47}},"type":"binary-expr","locations":[{"start":{"line":164,"column":12},"end":{"line":164,"column":24}},{"start":{"line":164,"column":28},"end":{"line":164,"column":47}}],"line":164},"8":{"loc":{"start":{"line":169,"column":12},"end":{"line":170,"column":25}},"type":"if","locations":[{"start":{"line":169,"column":12},"end":{"line":170,"column":25}},{"start":{},"end":{}}],"line":169},"9":{"loc":{"start":{"line":174,"column":12},"end":{"line":176,"column":13}},"type":"if","locations":[{"start":{"line":174,"column":12},"end":{"line":176,"column":13}},{"start":{},"end":{}}],"line":174},"10":{"loc":{"start":{"line":209,"column":12},"end":{"line":211,"column":13}},"type":"if","locations":[{"start":{"line":209,"column":12},"end":{"line":211,"column":13}},{"start":{},"end":{}}],"line":209}},"s":{"0":1,"
[...]
umn":24},"end":{"line":79,"column":5}},"39":{"start":{"line":80,"column":4},"end":{"line":92,"column":5}},"40":{"start":{"line":81,"column":23},"end":{"line":81,"column":67}},"41":{"start":{"line":82,"column":8},"end":{"line":82,"column":36}},"42":{"start":{"line":84,"column":8},"end":{"line":84,"column":37}},"43":{"start":{"line":85,"column":8},"end":{"line":85,"column":25}},"44":{"start":{"line":86,"column":8},"end":{"line":91,"column":10}},"45":{"start":{"line":96,"column":18},"end":{"line":96,"column":33}},"46":{"start":{"line":97,"column":15},"end":{"line":97,"column":59}},"47":{"start":{"line":98,"column":4},"end":{"line":122,"column":5}},"48":{"start":{"line":99,"column":25},"end":{"line":99,"column":146}},"49":{"start":{"line":100,"column":26},"end":{"line":100,"column":45}},"50":{"start":{"line":101,"column":19},"end":{"line":101,"column":56}},"51":{"start":{"line":103,"column":34},"end":{"line":103,"column":74}},"52":{"start":{"line":104,"column":25},"end":{"line":104,"column":48}},"53":{"start":{"line":105,"column":8},"end":{"line":107,"column":9}},"54":{"start":{"line":106,"column":12},"end":{"line":106,"column":38}},"55":{"start":{"line":109,"column":36},"end":{"line":109,"column":125}},"56":{"start":{"line":111,"column":8},"end":{"line":111,"column":130}},"57":{"start":{"line":113,"column":8},"end":{"line":113,"column":36}},"58":{"start":{"line":116,"column":18},"end":{"line":116,"column":43}},"59":{"start":{"line":117,"column":8},"end":{"line":117,"column":28}},"60":{"start":{"line":118,"column":8},"end":{"line":120,"column":9}},"61":{"start":{"line":119,"column":12},"end":{"line":119,"column":23}},"62":{"start":{"line":121,"column":8},"end":{"line":121,"column":33}},"63":{"start":{"line":126,"column":16},"end":{"line":126,"column":30}},"64":{"start":{"line":127,"column":4},"end":{"line":129,"column":5}},"65":{"start":{"line":128,"column":8},"end":{"line":128,"column":31}},"66":{"start":{"line":131,"column":4},"end":{"line":141,"column":5}},"67":{"start":{"line":132,"column":25},"end":{"line":132,"column":146}},"68":{"start":{"line":133,"column":26},"end":{"line":133,"column":45}},"69":{"start":{"line":134,"column":21},"end":{"line":134,"column":58}},"70":{"start":{"line":135,"column":8},"end":{"line":135,"column":24}},"71":{"start":{"line":136,"column":8},"end":{"line":136,"column":15}},"72":{"start":{"line":138,"column":18},"end":{"line":138,"column":43}},"73":{"start":{"line":139,"column":8},"end":{"line":139,"column":29}},"74":{"start":{"line":140,"column":8},"end":{"line":140,"column":34}},"75":{"start":{"line":150,"column":18},"end":{"line":150,"column":32}},"76":{"start":{"line":152,"column":4},"end":{"line":157,"column":5}},"77":{"start":{"line":153,"column":8},"end":{"line":156,"column":11}},"78":{"start":{"line":161,"column":4},"end":{"line":180,"column":6}},"79":{"start":{"line":163,"column":12},"end":{"line":178,"column":13}},"80":{"start":{"line":164,"column":16},"end":{"line":164,"column":32}},"81":{"start":{"line":165,"column":16},"end":{"line":165,"column":33}},"82":{"start":{"line":166,"column":16},"end":{"line":171,"column":19}},"83":{"start":{"line":173,"column":16},"end":{"line":177,"column":23}},"84":{"start":{"line":186,"column":18},"end":{"line":186,"column":32}},"85":{"start":{"line":188,"column":4},"end":{"line":194,"column":5}},"86":{"start":{"line":189,"column":8},"end":{"line":192,"column":11}},"87":{"start":{"line":193,"column":8},"end":{"line":193,"column":15}},"88":{"start":{"line":196,"column":4},"end":{"line":216,"column":6}},"89":{"start":{"line":199,"column":12},"end":{"line":214,"column":13}},"90":{"start":{"line":200,"column":16},"end":{"line":200,"column":32}},"91":{"start":{"line":201,"column":16},"end":{"line":201,"column":33}},"92":{"start":{"line":202,"column":16},"end":{"line":207,"column":19}},"93":{"start":{"line":209,"column":16},"end":{"line":213,"column":23}},"94":{"start":{"line":222,"column":4},"end":{"line":232,"column":6}},"95":{"start":{"line":224,"column":12},"end":{"line":224,"column":28}},"96":{"start":{"line":225,"column":12},"end":{"line":225,"column":29}},"97":{"start":{"line":226,"column":12},"end":{"line":230,"column":16}},"98":{"start":{"line":237,"column":18},"end":{"line":237,"column":34}},"99":{"start":{"line":238,"column":21},"end":{"line":238,"column":38}},"100":{"start":{"line":240,"column":4},"end":{"line":246,"column":5}},"101":{"start":{"line":241,"column":8},"end":{"line":244,"column":11}},"102":{"start":{"line":245,"column":8},"end":{"line":245,"column":15}},"103":{"start":{"line":248,"column":4},"end":{"line":269,"column":6}},"104":{"start":{"line":251,"column":12},"end":{"line":266,"column":13}},"105":{"start":{"line":252,"column":16},"end":{"line":252,"column":32}},"106":{"start":{"line":253,"column":16},"end":{"line":253,"column":33}},"107":{"start":{"line":254,"column":16},"end":{"line":259,"column":19}},"108":{"start":{"line":261,"column":16},"end":{"line":265,"column":23}},"109":{"start":{"line":275,"column":18},"end":{"line":275,"column":34}},"110":{"start":{"line":276,"column":21},"end":{"line":276,"column":38}},"111":{"start":{"line":278,"column":4},"end":{"line":284,"column":5}},"112":{"start":{"line":279,"column":8},"end":{"line":282,"column":11}},"113":{"start":{"line":283,"column":8},"end":{"line":283,"column":15}},"114":{"start":{"line":286,"column":4},"end":{"line":307,"column":6}},"115":{"start":{"line":289,"column":12},"end":{"line":304,"column":13}},"116":{"start":{"line":290,"column":16},"end":{"line":290,"column":32}},"117":{"start":{"line":291,"column":16},"end":{"line":291,"column":33}},"118":{"start":{"line":292,"column":16},"end":{"line":297,"column":19}},"119":{"start":{"line":299,"column":16},"end":{"line":303,"column":23}},"120":{"start":{"line":313,"column":18},"end":{"line":313,"column":34}},"121":{"start":{"line":315,"column":4},"end":{"line":320,"column":5}},"122":{"start":{"line":316,"column":8},"end":{"line":319,"column":11}},"123":{"start":{"line":322,"column":4},"end":{"line":344,"column":6}},"124":{"start":{"line":324,"column":12},"end":{"line":334,"column":13}},"125":{"start":{"line":325,"column":16},"end":{"line":325,"column":32}},"126":{"start":{"line":326,"column":16},"end":{"line":326,"column":33}},"127":{"start":{"line":327,"column":16},"end":{"line":332,"column":19}},"128":{"start":{"line":333,"column":16},"end":{"line":333,"column":22}},"129":{"start":{"line":336,"column":12},"end":{"line":340,"column":19}},"130":{"start":{"line":342,"column":12},"end":{"line":342,"column":19}},"131":{"start":{"line":353,"column":0},"end":{"line":366,"column":2}}},"fnMap":{"0":{"name":"userLogin","decl":{"start":{"line":19,"column":15},"end":{"line":19,"column":24}},"loc":{"start":{"line":19,"column":35},"end":{"line":38,"column":1}},"line":19},"1":{"name":"userType","decl":{"start":{"line":43,"column":15},"end":{"line":43,"column":23}},"loc":{"start":{"line":43,"column":34},"end":{"line":56,"column":1}},"line":43},"2":{"name":"userBookings","decl":{"start":{"line":58,"column":15},"end":{"line":58,"column":27}},"loc":{"start":{"line":58,"column":38},"end":{"line":71,"column":1}},"line":58},"3":{"name":"confirmBooking","decl":{"start":{"line":73,"column":15},"end":{"line":73,"column":29}},"loc":{"start":{"line":73,"column":40},"end":{"line":93,"column":1}},"line":73},"4":{"name":"cancelBooking","decl":{"start":{"line":95,"column":15},"end":{"line":95,"column":28}},"loc":{"start":{"line":95,"column":39},"end":{"line":123,"column":1}},"line":95},"5":{"name":"userAuth","decl":{"start":{"line":125,"column":15},"end":{"line":125,"column":23}},"loc":{"start":{"line":125,"column":40},"end":{"line":142,"column":1}},"line":125},"6":{"name":"createAdmin","decl":{"start":{"line":148,"column":9},"end":{"line":148,"column":20}},"loc":{"start":{"line":148,"column":31},"end":{"line":182,"column":1}},"line":148},"7":{"name":"(anonymous_7)","decl":{"start":{"line":162,"column":8},"end":{"line":162,"column":9}},"loc":{"start":{"line":162,"column":18},"end":{"line":179,"column":9}},"line":162},"8":{"name":"removeAdmin","decl":{"start":{"line":184,"column":9},"end":{"line":184,"column":20}},"loc":{"start":{"line":184,"column":31},"end":{"line":218,"column":1}},"line":184},"9":{"name":"(anonymous_9)","decl":{"start":{"line":197,"column":8},"end":{"line":197,"column":9}},"loc":{"start":{"line":197,"column":18},"end":{"line":215,"column":9}},"line":197},"10":{"name":"listAdmins","decl":{"start":{"line":220,"column":9},"end":{"line":220,"column":19}},"loc":{"start":{"line":220,"column":30},"end":{"line":233,"column":1}},"line":220},"11":{"name":"(anonymous_11)","decl":{"start":{"line":223,"column":8},"end":{"line":223,"column":9}},"loc":{"start":{"line":223,"column":18},"end":{"line":231,"column":9}},"line":223},"12":{"name":"addBuildingAdmin","decl":{"start":{"line":235,"column":9},"end":{"line":235,"column":25}},"loc":{"start":{"line":235,"column":36},"end":{"line":271,"column":1}},"line":235},"13":{"name":"(anonymous_13)","decl":{"start":{"line":249,"column":8},"end":{"line":249,"column":9}},"loc":{"start":{"line":249,"column":18},"end":{"line":268,"column":9}},"line":249},"14":{"name":"removeBuildingAdmin","decl":{"start":{"line":273,"column":9},"end":{"line":273,"column":28}},"loc":{"start":{"line":273,"column":39},"end":{"line":309,"column":1}},"line":273},"15":{"name":"(anonymous_15)","decl":{"start":{"line":287,"column":8},"end":{"line":287,"column":9}},"loc":{"start":{"line":287,"column":18},"end":{"line":306,"column":9}},"line":287},"16":{"name":"getAdminBuildings","decl":{"start":{"line":311,"column":9},"end":{"line":311,"column":26}},"loc":{"start":{"line":311,"column":37},"end":{"line":350,"column":1}},"line":311},"17":{"name":"(anonymous_17)","decl":{"start":{"line":323,"column":8},"end":{"line":323,"column":9}},"loc":{"start":{"line":323,"column":18},"end":{"line":343,"column":9}},"line":323}},"branchMap":{"0":{"loc":{"start":{"line":105,"column":8},"end":{"line":107,"column":9}},"type":"if","locations":[{"start":{"line":105,"column":8},"end":{"line":107,"column":9}},{"start":{},"end":{}}],"line":105},"1":{"loc":{"start":{"line":118,"column":8},"end":{"line":120,"column":9}},"type":"if","locations":[{"start":{"line":118,"column":8},"end":{"line":120,"column":9}},{"start":{},"end":{}}],"line":118},"2":{"loc":{"start":{"line":127,"column":4},"end":{"line":129,"column":5}},"type":"if","locations":[{"start":{"line":127,"column":4},"end":{"line":129,"column":5}},{"start":{},"end":{}}],"line":127},"3":{"loc":{"start":{"line":152,"column":4},"end":{"line":157,"column":5}},"type":"if","locations":[{"start":{"line":152,"column":4},"end":{"line":157,"column":5}},{"start":{},"end":{}}],"line":152},"4":{"loc":{"start":{"line":163,"column":12},"end":{"line":178,"column":13}},"type":"if","locations":[{"start":{"line":163,"column":12},"end":{"line":178,"column":13}},{"start":{"line":172,"column":19},"end":{"line":178,"column":13}}],"line":163},"5":{"loc":{"start":{"line":188,"column":4},"end":{"line":194,"column":5}},"type":"if","locations":[{"start":{"line":188,"column":4},"end":{"line":194,"column":5}},{"start":{},"end":{}}],"line":188},"6":{"loc":{"start":{"line":199,"column":12},"end":{"line":214,"column":13}},"type":"if","locations":[{"start":{"line":199,"column":12},"end":{"line":214,"column":13}},{"start":{"line":208,"column":19},"end":{"line":214,"column":13}}],"line":199},"7":{"loc":{"start":{"line":240,"column":4},"end":{"line":246,"column":5}},"type":"if","locations":[{"start":{"line":240,"column":4},"end":{"line":246,"column":5}},{"start":{},"end":{}}],"line":240},"8":{"loc":{"start":{"line":240,"column":8},"end":{"line":240,"column":41}},"type":"binary-expr","locations":[{"start":{"line":240,"column":8},"end":{"line":240,"column":21}},{"start":{"line":240,"column":25},"end":{"line":240,"column":41}}],"line":240},"9":{"loc":{"start":{"line":251,"column":12},"end":{"line":266,"column":13}},"type":"if","locations":[{"start":{"line":251,"column":12},"end":{"line":266,"column":13}},{"start":{"line":260,"column":19},"end":{"line":266,"column":13}}],"line":251},"10":{"loc":{"start":{"line":278,"column":4},"end":{"line":284,"column":5}},"type":"if","locations":[{"start":{"line":278,"column":4},"end":{"line":284,"column":5}},{"start":{},"end":{}}],"line":278},"11":{"loc":{"start":{"line":278,"column":8},"end":{"line":278,"column":41}},"type":"binary-expr","locations":[{"start":{"line":278,"column":8},"end":{"line":278,"column":21}},{"start":{"line":278,"column":25},"end":{"line":278,"column":41}}],"line":278},"12":{"loc":{"start":{"line":289,"column":12},"end":{"line":304,"column":13}},"type":"if","locations":[{"start":{"line":289,"column":12},"end":{"line":304,"column":13}},{"start":{"line":298,"column":19},"end":{"line":304,"column":13}}],"line":289},"13":{"loc":{"start":{"line":315,"column":4},"end":{"line":320,"column":5}},"type":"if","locations":[{"start":{"line":315,"column":4},"end":{"line":320,"column":5}},{"start":{},"end":{}}],"line":315},"14":{"loc":{"start":{"line":324,"column":12},"end":{"line":334,"column":13}},"type":"if","locations":[{"start":{"line":324,"column":12},"end":{"line":334,"column":13}},{"start":{},"end":{}}],"line":324}},"s":{"0":1,"1":1,"2":1,"3":1,"4":1,"5":1,"6":1,"7":0,"8":0,"9":0,"10":0,"11":0,"12":0,"13":0,"14":0,"15":0,"16":0,"17":0,"18":0,"19":0,"20":0,"21":0,"22":0,"23":0,"24":0,"25":0,"26":0,"27":0,"28":0,"29":0,"30":0,"31":0,"32":0,"33":0,"34":0,"35":0,"36":0,"37":0,"38":0,"39":0,"40":0,"41":0,"42":0,"43":0,"44":0,"45":0,"46":0,"47":0,"48":0,"49":0,"50":0,"51":0,"52":0,"53":0,"54":0,"55":0,"56":0,"57":0,"58":0,"59":0,"60":0,"61":0,"62":0,"63":0,"64":0,"65":0,"66":0,"67":0,"68":0,"69":0,"70":0,"71":0,"72":0,"73":0,"74":0,"75":0,"76":0,"77":0,"78":0,"79":0,"80":0,"81":0,"82":0,"83":0,"84":0,"85":0,"86":0,"87":0,"88":0,"89":0,"90":0,"91":0,"92":0,"93":0,"94":3,"95":3,"96":3,"97":3,"98":0,"99":0,"100":0,"101":0,"102":0,"103":0,"104":0,"105":0,"106":0,"107":0,"108":0,"109":0,"110":0,"111":0,"112":0,"113":0,"114":0,"115":0,"116":0,"117":0,"118":0,"119":0,"120":0,"121":0,"122":0,"123":0,"124":0,"125":0,"126":0,"127":0,"128":0,"129":0,"130":0,"131":1},"f":{"0":0,"1":0,"2":0,"3":0,"4":0,"5":0,"6":0,"7":0,"8":0,"9":0,"10":3,"11":3,"12":0,"13":0,"14":0,"15":0,"16":0,"17":0},"b":{"0":[0,0],"1":[0,0],"2":[0,0],"3":[0,0],"4":[0,0],"5":[0,0],"6":[0,0],"7":[0,0],"8":[0,0],"9":[0,0],"10":[0,0],"11":[0,0],"12":[0,0],"13":[0,0],"14":[0,0]},"_coverageSchema":"1a1c01bbd47fc00a2c39e90264f33305004495a9","hash":"e76c94827d4f4d7c908a034fb4e86d7576b4a6b1"}
,"/home/dev/bookit_backend/modules/utils.js": {"path":"/home/dev/bookit_backend/modules/utils.js","statementMap":{"0":{"start":{"line":7,"column":11},"end":{"line":7,"column":24}},"1":{"start":{"line":13,"column":22},"end":{"line":13,"column":38}},"2":{"start":{"line":21,"column":4},"end":{"line":21,"column":53}},"3":{"start":{"line":29,"column":4},"end":{"line":29,"column":32}},"4":{"start":{"line":38,"column":20},"end":{"line":38,"column":72}},"5":{"start":{"line":39,"column":4},"end":{"line":39,"column":50}},"6":{"start":{"line":50,"column":4},"end":{"line":50,"column":31}},"7":{"start":{"line":56,"column":4},"end":{"line":56,"column":20}},"8":{"start":{"line":57,"column":4},"end":{"line":57,"column":21}},"9":{"start":{"line":58,"column":4},"end":{"line":63,"column":7}},"10":{"start":{"line":69,"column":4},"end":{"line":71,"column":5}},"11":{"start":{"line":70,"column":8},"end":{"line":70,"column":28}},"12":{"start":{"line":72,"column":4},"end":{"line":72,"column":31}},"13":{"start":{"line":73,"column":4},"end":{"line":73,"column":21}},"14":{"start":{"line":74,"column":4},"end":{"line":79,"column":6}},"15":{"start":{"line":91,"column":4},"end":{"line":93,"column":5}},"16":{"start":{"line":92,"column":8},"end":{"line":92,"column":41}},"17":{"start":{"line":96,"column":17},"end":{"line":96,"column":24}},"18":{"start":{"line":97,"column":16},"end":{"line":97,"column":23}},"19":{"start":{"line":99,"column":4},"end":{"line":101,"column":5}},"20":{"start":{"line":100,"column":8},"end":{"line":100,"column":43}},"21":{"start":{"line":103,"column":4},"end":{"line":105,"column":5}},"22":{"start":{"line":104,"column":8},"end":{"line":104,"column":43}},"23":{"start":{"line":107,"column":4},"end":{"line":109,"column":5}},"24":{"start":{"line":108,"column":8},"end":{"line":108,"column":43}},"25":{"start":{"line":111,"column":4},"end":{"line":111,"column":31}},"26":{"start":{"line":117,"column":0},"end":{"line":125,"column":1}}},"fnMap":{"0":{"name":"logInit","decl":{"start":{"line":20,"column":9},"end":{"line":20,"column":16}},"loc":{"start":{"line":20,"column":19},"end":{"line":22,"column":1}},"line":20},"1":{"name":"logDeinit","decl":{"start":{"line":28,"column":9},"end":{"line":28,"column":18}},"loc":{"start":{"line":28,"column":21},"end":{"line":30,"column":1}},"line":28},"2":{"name":"consoleMsg","decl":{"start":{"line":37,"column":9},"end":{"line":37,"column":19}},"loc":{"start":{"line":37,"column":33},"end":{"line":40,"column":1}},"line":37},"3":{"name":"serverLog","decl":{"start":{"line":47,"column":9},"end":{"line":47,"column":18}},"loc":{"start":{"line":47,"column":35},"end":{"line":51,"column":1}},"line":47},"4":{"name":"onSuccess","decl":{"start":{"line":55,"column":9},"end":{"line":55,"column":18}},"loc":{"start":{"line":55,"column":32},"end":{"line":64,"column":1}},"line":55},"5":{"name":"onFailure","decl":{"start":{"line":68,"column":9},"end":{"line":68,"column":18}},"loc":{"start":{"line":68,"column":29},"end":{"line":80,"column":1}},"line":68},"6":{"name":"militaryTimeToDecimal","decl":{"start":{"line":89,"column":9},"end":{"line":89,"column":30}},"loc":{"start":{"line":89,"column":37},"end":{"line":113,"column":1}},"line":89}},"branchMap":{"0":{"loc":{"start":{"line":69,"column":4},"end":{"line":71,"column":5}},"type":"if","locations":[{"start":{"line":69,"column":4},"end":{"line":71,"column":5}},{"start":{},"end":{}}],"line":69},"1":{"loc":{"start":{"line":91,"column":4},"end":{"line":93,"column":5}},"type":"if","locations":[{"start":{"line":91,"column":4},"end":{"line":93,"column":5}},{"start":{},"end":{}}],"line":91},"2":{"loc":{"start":{"line":91,"column":8},"end":{"line":91,"column":68}},"type":"binary-expr","locations":[{"start":{"line":91,"column":8},"end":{"line":91,"column":20}},{"start":{"line":91,"column":24},"end":{"line":91,"column":48}},{"start":{"line":91,"column":52},"end":{"line":91,"column":68}}],"line":91},"3":{"loc":{"start":{"line":99,"column":4},"end":{"line":101,"column":5}},"type":"if","locations":[{"start":{"line":99,"column":4},"end":{"line":101,"column":5}},{"start":{},"end":{}}],"line":99},"4":{"loc":{"start":{"line":99,"column":8},"end":{"line":99,"column":35}},"type":"binary-expr","locations":[{"start":{"line":99,"column":8},"end":{"line":99,"column":20}},{"start":{"line":99,"column":24},"end":{"line":99,"column":35}}],"line":99},"5":{"loc":{"start":{"line":103,"column":4},"end":{"line":105,"column":5}},"type":"if","locations":[{"start":{"line":103,"column":4},"end":{"line":105,"column":5}},{"start":{},"end":{}}],"line":103},"6":{"loc":{"start":{"line":103,"column":8},"end":{"line":103,"column":57}},"type":"binary-expr","locations":[{"start":{"line":103,"column":8},"end":{"line":103,"column":31}},{"start":{"line":103,"column":35},"end":{"line":103,"column":57}}],"line":103},"7":{"loc":{"start":{"line":107,"column":4},"end":{"line":109,"column":5}},"type":"if","locations":[{"start":{"line":107,"column":4},"end":{"line":109,"column":5}},{"start":{},"end":{}}],"line":107}},"s":{"0":3,"1":3,"2":0,"3":0,"4":15,"5":15,"6":4,"7":0,"8":0,"9":0,"10":0,"11":0,"12":0,"13":0,"14":0,"15":51,"16":0,"17":51,"18":51,"19":51,"20":1,"21":50,"22":0,"23":50,"24":0,"25":50,"26":3},"f":{"0":0,"1":0,"2":15,"3":4,"4":0,"5":0,"6":51},"b":{"0":[0,0],"1":[0,51],"2":[51,51,51],"3":[1,50],"4":[51,50],"5":[0,50],"6":[50,50],"7":[0,50]},"_coverageSchema":"1a1c01bbd47fc00a2c39e90264f33305004495a9","hash":"acdf127210b2393ea07cf6d8a7104e3bfc192c0d"}
}
