TN:
SF:server.js
FN:78,(anonymous_0)
FN:82,shutDown
FNF:2
FNH:1
FNDA:0,(anonymous_0)
FNDA:1,shutDown
DA:2,1
DA:5,1
DA:7,1
DA:12,1
DA:13,1
DA:15,1
DA:16,1
DA:17,1
DA:18,1
DA:19,1
DA:20,1
DA:21,1
DA:22,1
DA:23,1
DA:24,1
DA:32,1
DA:33,1
DA:34,1
DA:38,1
DA:39,1
DA:40,1
DA:41,1
DA:42,1
DA:43,1
DA:44,1
DA:45,1
DA:46,1
DA:47,1
DA:48,1
DA:49,1
DA:50,1
DA:51,1
DA:52,1
DA:55,1
DA:56,1
DA:57,1
DA:58,1
DA:59,1
DA:60,1
DA:61,1
DA:62,1
DA:63,1
DA:64,1
DA:69,1
DA:70,1
DA:71,1
DA:75,1
DA:79,0
DA:83,1
DA:84,1
DA:85,1
DA:86,1
DA:87,1
DA:88,1
DA:93,1
DA:95,1
DA:98,1
LF:57
LH:56
BRF:0
BRH:0
end_of_record
TN:
SF:modules/comment_manager.js
FN:28,sendStudyRoomComment
FN:73,studyRoomCommentReqCheck
FNF:2
FNH:0
FNDA:0,sendStudyRoomComment
FNDA:0,studyRoomCommentReqCheck
DA:2,1
DA:3,1
DA:7,1
DA:8,1
DA:9,1
DA:10,1
DA:14,1
DA:15,1
DA:16,1
DA:17,1
DA:18,1
DA:43,0
DA:44,0
DA:49,0
DA:50,0
DA:51,0
DA:52,0
DA:58,0
DA:60,0
DA:79,0
DA:80,0
DA:81,0
DA:83,0
DA:84,0
DA:85,0
DA:86,0
DA:87,0
DA:94,0
DA:96,0
DA:99,0
DA:101,0
DA:104,0
DA:106,0
DA:109,0
DA:115,1
LF:35
LH:12
BRDA:49,0,0,0
BRDA:49,0,1,0
BRDA:79,1,0,0
BRDA:79,1,1,0
BRDA:94,2,0,0
BRDA:94,2,1,0
BRDA:94,3,0,0
BRDA:94,3,1,0
BRDA:94,3,2,0
BRDA:99,4,0,0
BRDA:99,4,1,0
BRDA:99,5,0,0
BRDA:99,5,1,0
BRDA:99,5,2,0
BRDA:104,6,0,0
BRDA:104,6,1,0
BRDA:104,7,0,0
BRDA:104,7,1,0
BRDA:104,7,2,0
BRF:19
BRH:0
end_of_record
TN:
SF:modules/db_handler.js
FN:17,setURL
FN:24,dbh_init
FN:40,dbh_deinit
FN:47,getRooms
FN:67,getRoom
FN:75,getSlots
FN:112,bookStudyRooms
FN:207,waitlistStudyRooms
FN:275,updateBooking
FN:292,filterRooms
FN:338,(anonymous_10)
FN:340,(anonymous_11)
FN:341,(anonymous_12)
FN:345,userLogin
FN:359,checkUser
FN:372,getBookings
FN:395,cancelBooking
FN:436,confirmBooking
FN:506,commentUploader
FN:521,(anonymous_19)
FN:535,submitReport
FN:541,(anonymous_21)
FN:545,(anonymous_22)
FN:559,addAdmin
FN:571,delAdmin
FN:578,addBuildingAdmin
FN:590,delBuildingAdmin
FN:602,getAdminBuildings
FN:617,addBuilding
FN:636,delBuilding
FN:667,addRoom
FN:696,delRoom
FN:714,findUserDevToken
FN:730,updateUserTokens
FN:752,findBookingByDate
FN:766,removeInvalidBookings
FN:772,getAdminList
FN:809,dateTimeValidator
FN:839,timeValidator
FN:850,createSlots
FN:864,timeConvertor
FN:868,getCoordinates
FNF:42
FNH:4
FNDA:0,setURL
FNDA:1,dbh_init
FNDA:1,dbh_deinit
FNDA:0,getRooms
FNDA:0,getRoom
FNDA:0,getSlots
FNDA:0,bookStudyRooms
FNDA:0,waitlistStudyRooms
FNDA:0,updateBooking
FNDA:0,filterRooms
FNDA:0,(anonymous_10)
FNDA:0,(anonymous_11)
FNDA:0,(anonymous_12)
FNDA:0,userLogin
FNDA:0,checkUser
FNDA:0,getBookings
FNDA:0,cancelBooking
FNDA:0,confirmBooking
FNDA:0,commentUploader
FNDA:0,(anonymous_19)
FNDA:0,submitReport
FNDA:0,(anonymous_21)
FNDA:0,(anonymous_22)
FNDA:0,addAdmin
FNDA:0,delAdmin
FNDA:0,addBuildingAdmin
FNDA:0,delBuildingAdmin
FNDA:0,getAdminBuildings
FNDA:2,addBuilding
FNDA:0,delBuilding
FNDA:0,addRoom
FNDA:0,delRoom
FNDA:0,findUserDevToken
FNDA:0,updateUserTokens
FNDA:0,findBookingByDate
FNDA:0,removeInvalidBookings
FNDA:3,getAdminList
FNDA:0,dateTimeValidator
FNDA:0,timeValidator
FNDA:0,createSlots
FNDA:0,timeConvertor
FNDA:0,getCoordinates
DA:2,2
DA:3,2
DA:4,2
DA:5,2
DA:6,2
DA:7,2
DA:8,2
DA:13,2
DA:14,2
DA:18,0
DA:26,1
DA:27,1
DA:28,1
DA:29,1
DA:30,1
DA:32,0
DA:33,0
DA:41,1
DA:42,1
DA:48,0
DA:49,0
DA:50,0
DA:51,0
DA:52,0
DA:54,0
DA:56,0
DA:57,0
DA:58,0
DA:69,0
DA:70,0
DA:71,0
DA:76,0
DA:77,0
DA:79,0
DA:80,0
DA:81,0
DA:82,0
DA:85,0
DA:86,0
DA:88,0
DA:89,0
DA:90,0
DA:91,0
DA:94,0
DA:95,0
DA:97,0
DA:98,0
DA:100,0
DA:101,0
DA:102,0
DA:103,0
DA:108,0
DA:113,0
DA:114,0
DA:115,0
DA:116,0
DA:117,0
DA:119,0
DA:120,0
DA:121,0
DA:122,0
DA:125,0
DA:126,0
DA:127,0
DA:128,0
DA:129,0
DA:130,0
DA:133,0
DA:134,0
DA:137,0
DA:138,0
DA:139,0
DA:140,0
DA:144,0
DA:145,0
DA:146,0
DA:148,0
DA:150,0
DA:152,0
DA:153,0
DA:154,0
DA:159,0
DA:160,0
DA:161,0
DA:164,0
DA:165,0
DA:167,0
DA:168,0
DA:169,0
DA:170,0
DA:171,0
DA:175,0
DA:176,0
DA:179,0
DA:180,0
DA:181,0
DA:183,0
DA:186,0
DA:187,0
DA:188,0
DA:191,0
DA:199,0
DA:201,0
DA:204,0
DA:208,0
DA:209,0
DA:210,0
DA:211,0
DA:212,0
DA:214,0
DA:215,0
DA:216,0
DA:217,0
DA:220,0
DA:221,0
DA:222,0
DA:223,0
DA:224,0
DA:225,0
DA:228,0
DA:229,0
DA:231,0
DA:233,0
DA:235,0
DA:236,0
DA:237,0
DA:238,0
DA:242,0
DA:243,0
DA:245,0
DA:246,0
DA:247,0
DA:248,0
DA:249,0
DA:250,0
DA:251,0
DA:252,0
DA:253,0
DA:257,0
DA:258,0
DA:265,0
DA:266,0
DA:267,0
DA:269,0
DA:277,0
DA:278,0
DA:279,0
DA:283,0
DA:285,0
DA:286,0
DA:287,0
DA:293,0
DA:294,0
DA:296,0
DA:298,0
DA:303,0
DA:304,0
DA:306,0
DA:307,0
DA:308,0
DA:310,0
DA:318,0
DA:319,0
DA:324,0
DA:325,0
DA:326,0
DA:327,0
DA:328,0
DA:329,0
DA:332,0
DA:333,0
DA:334,0
DA:338,0
DA:340,0
DA:341,0
DA:342,0
DA:346,0
DA:347,0
DA:348,0
DA:349,0
DA:350,0
DA:351,0
DA:353,0
DA:354,0
DA:355,0
DA:360,0
DA:361,0
DA:362,0
DA:363,0
DA:365,0
DA:366,0
DA:367,0
DA:373,0
DA:375,0
DA:377,0
DA:378,0
DA:379,0
DA:380,0
DA:381,0
DA:383,0
DA:384,0
DA:386,0
DA:387,0
DA:388,0
DA:389,0
DA:390,0
DA:392,0
DA:397,0
DA:398,0
DA:399,0
DA:401,0
DA:402,0
DA:403,0
DA:407,0
DA:408,0
DA:409,0
DA:410,0
DA:413,0
DA:415,0
DA:417,0
DA:418,0
DA:420,0
DA:421,0
DA:423,0
DA:424,0
DA:425,0
DA:426,0
DA:428,0
DA:429,0
DA:430,0
DA:433,0
DA:437,0
DA:438,0
DA:439,0
DA:440,0
DA:443,0
DA:444,0
DA:445,0
DA:450,0
DA:451,0
DA:452,0
DA:453,0
DA:457,0
DA:459,0
DA:461,0
DA:462,0
DA:464,0
DA:465,0
DA:466,0
DA:473,0
DA:478,0
DA:479,0
DA:481,0
DA:482,0
DA:484,0
DA:485,0
DA:488,0
DA:489,0
DA:491,0
DA:492,0
DA:493,0
DA:496,0
DA:497,0
DA:499,0
DA:500,0
DA:501,0
DA:507,0
DA:508,0
DA:509,0
DA:510,0
DA:511,0
DA:512,0
DA:513,0
DA:515,0
DA:516,0
DA:517,0
DA:520,0
DA:522,0
DA:523,0
DA:527,0
DA:537,0
DA:538,0
DA:540,0
DA:546,0
DA:565,0
DA:566,0
DA:567,0
DA:573,0
DA:574,0
DA:575,0
DA:580,0
DA:581,0
DA:582,0
DA:583,0
DA:585,0
DA:592,0
DA:593,0
DA:594,0
DA:595,0
DA:597,0
DA:604,0
DA:605,0
DA:606,0
DA:607,0
DA:608,0
DA:610,0
DA:612,0
DA:618,2
DA:619,0
DA:621,0
DA:622,0
DA:623,0
DA:625,0
DA:626,0
DA:627,0
DA:629,0
DA:630,0
DA:631,0
DA:637,0
DA:638,0
DA:639,0
DA:640,0
DA:641,0
DA:645,0
DA:646,0
DA:647,0
DA:648,0
DA:651,0
DA:652,0
DA:653,0
DA:656,0
DA:657,0
DA:658,0
DA:661,0
DA:662,0
DA:663,0
DA:668,0
DA:669,0
DA:670,0
DA:671,0
DA:672,0
DA:673,0
DA:674,0
DA:675,0
DA:679,0
DA:680,0
DA:681,0
DA:682,0
DA:683,0
DA:685,0
DA:686,0
DA:687,0
DA:689,0
DA:690,0
DA:691,0
DA:697,0
DA:698,0
DA:699,0
DA:701,0
DA:702,0
DA:703,0
DA:717,0
DA:718,0
DA:719,0
DA:720,0
DA:721,0
DA:723,0
DA:725,0
DA:732,0
DA:733,0
DA:734,0
DA:738,0
DA:740,0
DA:741,0
DA:742,0
DA:755,0
DA:756,0
DA:757,0
DA:758,0
DA:759,0
DA:761,0
DA:767,0
DA:768,0
DA:769,0
DA:775,3
DA:777,3
DA:780,3
DA:783,3
DA:784,3
DA:785,1
DA:788,2
DA:789,2
DA:791,0
DA:794,2
DA:795,2
DA:796,3
DA:799,2
DA:810,0
DA:811,0
DA:812,0
DA:814,0
DA:815,0
DA:818,0
DA:819,0
DA:822,0
DA:823,0
DA:827,0
DA:828,0
DA:830,0
DA:832,0
DA:833,0
DA:836,0
DA:840,0
DA:844,0
DA:846,0
DA:851,0
DA:852,0
DA:853,0
DA:854,0
DA:855,0
DA:856,0
DA:858,0
DA:861,0
DA:865,0
DA:869,0
DA:870,0
DA:877,0
DA:878,0
DA:879,0
DA:880,0
DA:881,0
DA:883,0
DA:886,0
DA:894,2
LF:434
LH:30
BRDA:50,0,0,0
BRDA:50,0,1,0
BRDA:51,1,0,0
BRDA:51,1,1,0
BRDA:79,2,0,0
BRDA:79,2,1,0
BRDA:88,3,0,0
BRDA:88,3,1,0
BRDA:97,4,0,0
BRDA:97,4,1,0
BRDA:97,5,0,0
BRDA:97,5,1,0
BRDA:102,6,0,0
BRDA:102,6,1,0
BRDA:102,7,0,0
BRDA:102,7,1,0
BRDA:119,8,0,0
BRDA:119,8,1,0
BRDA:119,9,0,0
BRDA:119,9,1,0
BRDA:127,10,0,0
BRDA:127,10,1,0
BRDA:137,11,0,0
BRDA:137,11,1,0
BRDA:137,12,0,0
BRDA:137,12,1,0
BRDA:153,13,0,0
BRDA:153,13,1,0
BRDA:159,14,0,0
BRDA:159,14,1,0
BRDA:168,15,0,0
BRDA:168,15,1,0
BRDA:180,16,0,0
BRDA:180,16,1,0
BRDA:214,17,0,0
BRDA:214,17,1,0
BRDA:214,18,0,0
BRDA:214,18,1,0
BRDA:222,19,0,0
BRDA:222,19,1,0
BRDA:235,20,0,0
BRDA:235,20,1,0
BRDA:235,21,0,0
BRDA:235,21,1,0
BRDA:246,22,0,0
BRDA:246,22,1,0
BRDA:246,23,0,0
BRDA:246,23,1,0
BRDA:246,23,2,0
BRDA:250,24,0,0
BRDA:250,24,1,0
BRDA:283,25,0,0
BRDA:283,25,1,0
BRDA:327,26,0,0
BRDA:327,26,1,0
BRDA:332,27,0,0
BRDA:332,27,1,0
BRDA:348,28,0,0
BRDA:348,28,1,0
BRDA:362,29,0,0
BRDA:362,29,1,0
BRDA:380,30,0,0
BRDA:380,30,1,0
BRDA:383,31,0,0
BRDA:383,31,1,0
BRDA:402,32,0,0
BRDA:402,32,1,0
BRDA:407,33,0,0
BRDA:407,33,1,0
BRDA:444,34,0,0
BRDA:444,34,1,0
BRDA:450,35,0,0
BRDA:450,35,1,0
BRDA:465,36,0,0
BRDA:465,36,1,0
BRDA:478,37,0,0
BRDA:478,37,1,0
BRDA:512,38,0,0
BRDA:512,38,1,0
BRDA:516,39,0,0
BRDA:516,39,1,0
BRDA:522,40,0,0
BRDA:522,40,1,0
BRDA:575,41,0,0
BRDA:575,41,1,0
BRDA:583,42,0,0
BRDA:583,42,1,0
BRDA:595,43,0,0
BRDA:595,43,1,0
BRDA:607,44,0,0
BRDA:607,44,1,0
BRDA:607,45,0,0
BRDA:607,45,1,0
BRDA:640,46,0,0
BRDA:640,46,1,0
BRDA:645,47,0,0
BRDA:645,47,1,0
BRDA:673,48,0,0
BRDA:673,48,1,0
BRDA:720,49,0,0
BRDA:720,49,1,0
BRDA:720,50,0,0
BRDA:720,50,1,0
BRDA:738,51,0,0
BRDA:738,51,1,0
BRDA:784,52,0,1
BRDA:784,52,1,2
BRDA:828,53,0,0
BRDA:828,53,1,0
BRDA:832,54,0,0
BRDA:832,54,1,0
BRDA:840,55,0,0
BRDA:840,55,1,0
BRDA:840,56,0,0
BRDA:840,56,1,0
BRDA:840,56,2,0
BRDA:840,56,3,0
BRDA:840,56,4,0
BRDA:840,56,5,0
BRDA:840,56,6,0
BRDA:840,56,7,0
BRDA:855,57,0,0
BRDA:855,57,1,0
BRDA:855,58,0,0
BRDA:855,58,1,0
BRDA:877,59,0,0
BRDA:877,59,1,0
BRF:127
BRH:2
end_of_record
TN:
SF:modules/ils_manager.js
FN:11,listIlsRooms
FNF:1
FNH:0
FNDA:0,listIlsRooms
DA:2,1
DA:3,1
DA:12,0
DA:13,0
DA:14,0
DA:15,0
DA:17,0
DA:23,1
LF:8
LH:3
BRF:0
BRH:0
end_of_record
TN:
SF:modules/lecture_room_manager.js
FN:5,listLectureHalls
FNF:1
FNH:0
FNDA:0,listLectureHalls
DA:1,1
DA:2,1
DA:6,0
DA:7,0
DA:8,0
DA:9,0
DA:11,0
DA:16,1
LF:8
LH:3
BRF:0
BRH:0
end_of_record
TN:
SF:modules/notification_manager.js
FN:26,init
FN:47,deInit
FN:49,(anonymous_2)
FN:54,(anonymous_3)
FN:67,sendNotification
FN:96,searchAndSendReminders
FN:190,sendBulkNotifications
FNF:7
FNH:3
FNDA:1,init
FNDA:1,deInit
FNDA:1,(anonymous_2)
FNDA:0,(anonymous_3)
FNDA:0,sendNotification
FNDA:0,searchAndSendReminders
FNDA:0,sendBulkNotifications
DA:2,1
DA:3,1
DA:4,1
DA:5,1
DA:6,1
DA:16,1
DA:17,1
DA:28,1
DA:34,1
DA:35,1
DA:36,1
DA:38,0
DA:39,0
DA:40,0
DA:42,1
DA:43,1
DA:48,1
DA:50,1
DA:51,1
DA:55,0
DA:56,0
DA:69,0
DA:70,0
DA:71,0
DA:80,0
DA:81,0
DA:83,0
DA:84,0
DA:85,0
DA:105,0
DA:106,0
DA:107,0
DA:112,0
DA:113,0
DA:114,0
DA:115,0
DA:116,0
DA:118,0
DA:119,0
DA:120,0
DA:125,0
DA:126,0
DA:127,0
DA:129,0
DA:132,0
DA:133,0
DA:135,0
DA:138,0
DA:146,0
DA:147,0
DA:148,0
DA:149,0
DA:150,0
DA:152,0
DA:153,0
DA:155,0
DA:156,0
DA:157,0
DA:160,0
DA:161,0
DA:163,0
DA:164,0
DA:165,0
DA:166,0
DA:168,0
DA:169,0
DA:170,0
DA:171,0
DA:174,0
DA:175,0
DA:181,0
DA:197,0
DA:199,0
DA:200,0
DA:202,0
DA:203,0
DA:204,0
DA:207,0
DA:208,0
DA:209,0
DA:210,0
DA:212,0
DA:218,1
LF:83
LH:17
BRDA:112,0,0,0
BRDA:112,0,1,0
BRDA:126,1,0,0
BRDA:126,1,1,0
BRDA:132,2,0,0
BRDA:132,2,1,0
BRDA:149,3,0,0
BRDA:149,3,1,0
BRDA:155,4,0,0
BRDA:155,4,1,0
BRDA:160,5,0,0
BRDA:160,5,1,0
BRDA:164,6,0,0
BRDA:164,6,1,0
BRDA:164,7,0,0
BRDA:164,7,1,0
BRDA:169,8,0,0
BRDA:169,8,1,0
BRDA:174,9,0,0
BRDA:174,9,1,0
BRDA:209,10,0,0
BRDA:209,10,1,0
BRF:22
BRH:0
end_of_record
TN:
SF:modules/sroom_manager.js
FN:15,initScheduler
FN:26,deinitScheduler
FN:29,(anonymous_2)
FN:44,listStudyRooms
FN:55,getStudyRoomComment
FN:60,(anonymous_5)
FN:78,bookStudyRooms
FN:102,waitlistStudyRooms
FN:130,getSlots
FN:144,filterStudyRooms
FN:173,reportRoom
FN:220,createBuilding
FN:244,delBuilding
FN:262,createRoom
FN:286,delRoom
FN:313,removeExpiredBookings
FNF:16
FNH:3
FNDA:1,initScheduler
FNDA:1,deinitScheduler
FNDA:1,(anonymous_2)
FNDA:0,listStudyRooms
FNDA:0,getStudyRoomComment
FNDA:0,(anonymous_5)
FNDA:0,bookStudyRooms
FNDA:0,waitlistStudyRooms
FNDA:0,getSlots
FNDA:0,filterStudyRooms
FNDA:0,reportRoom
FNDA:0,createBuilding
FNDA:0,delBuilding
FNDA:0,createRoom
FNDA:0,delRoom
FNDA:0,removeExpiredBookings
DA:2,1
DA:3,1
DA:4,1
DA:7,1
DA:16,1
DA:17,1
DA:18,1
DA:19,1
DA:21,0
DA:22,0
DA:27,1
DA:28,1
DA:30,1
DA:34,0
DA:35,0
DA:45,0
DA:46,0
DA:47,0
DA:48,0
DA:50,0
DA:57,0
DA:58,0
DA:59,0
DA:61,0
DA:62,0
DA:63,0
DA:64,0
DA:66,0
DA:79,0
DA:87,0
DA:88,0
DA:89,0
DA:91,0
DA:92,0
DA:93,0
DA:103,0
DA:111,0
DA:112,0
DA:113,0
DA:115,0
DA:116,0
DA:118,0
DA:120,0
DA:121,0
DA:131,0
DA:136,0
DA:137,0
DA:138,0
DA:140,0
DA:145,0
DA:153,0
DA:154,0
DA:155,0
DA:157,0
DA:158,0
DA:159,0
DA:176,0
DA:177,0
DA:178,0
DA:180,0
DA:181,0
DA:187,0
DA:193,0
DA:194,0
DA:195,0
DA:196,0
DA:197,0
DA:198,0
DA:205,0
DA:221,0
DA:222,0
DA:226,0
DA:228,0
DA:236,0
DA:237,0
DA:238,0
DA:240,0
DA:245,0
DA:246,0
DA:250,0
DA:252,0
DA:254,0
DA:255,0
DA:256,0
DA:258,0
DA:263,0
DA:264,0
DA:268,0
DA:270,0
DA:277,0
DA:278,0
DA:279,0
DA:281,0
DA:287,0
DA:288,0
DA:292,0
DA:294,0
DA:299,0
DA:300,0
DA:301,0
DA:303,0
DA:316,0
DA:317,0
DA:318,0
DA:319,0
DA:322,0
DA:323,0
DA:325,0
DA:328,0
DA:329,0
DA:331,0
DA:334,0
DA:344,1
LF:113
LH:12
BRDA:61,0,0,0
BRDA:61,0,1,0
BRDA:115,1,0,0
BRDA:115,1,1,0
BRDA:180,2,0,0
BRDA:180,2,1,0
BRDA:180,3,0,0
BRDA:180,3,1,0
BRDA:180,3,2,0
BRDA:221,4,0,0
BRDA:221,4,1,0
BRDA:245,5,0,0
BRDA:245,5,1,0
BRDA:263,6,0,0
BRDA:263,6,1,0
BRDA:263,7,0,0
BRDA:263,7,1,0
BRDA:287,8,0,0
BRDA:287,8,1,0
BRDA:287,9,0,0
BRDA:287,9,1,0
BRDA:322,10,0,0
BRDA:322,10,1,0
BRDA:328,11,0,0
BRDA:328,11,1,0
BRF:25
BRH:0
end_of_record
TN:
SF:modules/user_manager.js
FN:19,userLogin
FN:43,userType
FN:58,userBookings
FN:73,confirmBooking
FN:95,cancelBooking
FN:125,userAuth
FN:148,createAdmin
FN:162,(anonymous_7)
FN:184,removeAdmin
FN:197,(anonymous_9)
FN:220,listAdmins
FN:223,(anonymous_11)
FN:235,addBuildingAdmin
FN:249,(anonymous_13)
FN:273,removeBuildingAdmin
FN:287,(anonymous_15)
FN:311,getAdminBuildings
FN:323,(anonymous_17)
FNF:18
FNH:2
FNDA:0,userLogin
FNDA:0,userType
FNDA:0,userBookings
FNDA:0,confirmBooking
FNDA:0,cancelBooking
FNDA:0,userAuth
FNDA:0,createAdmin
FNDA:0,(anonymous_7)
FNDA:0,removeAdmin
FNDA:0,(anonymous_9)
FNDA:3,listAdmins
FNDA:3,(anonymous_11)
FNDA:0,addBuildingAdmin
FNDA:0,(anonymous_13)
FNDA:0,removeBuildingAdmin
FNDA:0,(anonymous_15)
FNDA:0,getAdminBuildings
FNDA:0,(anonymous_17)
DA:2,1
DA:3,1
DA:4,1
DA:5,1
DA:6,1
DA:7,1
DA:11,1
DA:20,0
DA:21,0
DA:22,0
DA:23,0
DA:24,0
DA:30,0
DA:31,0
DA:32,0
DA:34,0
DA:35,0
DA:36,0
DA:44,0
DA:45,0
DA:46,0
DA:47,0
DA:48,0
DA:49,0
DA:50,0
DA:52,0
DA:53,0
DA:54,0
DA:59,0
DA:60,0
DA:61,0
DA:62,0
DA:63,0
DA:64,0
DA:65,0
DA:67,0
DA:68,0
DA:69,0
DA:74,0
DA:80,0
DA:81,0
DA:82,0
DA:84,0
DA:85,0
DA:86,0
DA:96,0
DA:97,0
DA:98,0
DA:99,0
DA:100,0
DA:101,0
DA:103,0
DA:104,0
DA:105,0
DA:106,0
DA:109,0
DA:111,0
DA:113,0
DA:116,0
DA:117,0
DA:118,0
DA:119,0
DA:121,0
DA:126,0
DA:127,0
DA:128,0
DA:131,0
DA:132,0
DA:133,0
DA:134,0
DA:135,0
DA:136,0
DA:138,0
DA:139,0
DA:140,0
DA:150,0
DA:152,0
DA:153,0
DA:161,0
DA:163,0
DA:164,0
DA:165,0
DA:166,0
DA:173,0
DA:186,0
DA:188,0
DA:189,0
DA:193,0
DA:196,0
DA:199,0
DA:200,0
DA:201,0
DA:202,0
DA:209,0
DA:222,3
DA:224,3
DA:225,3
DA:226,3
DA:237,0
DA:238,0
DA:240,0
DA:241,0
DA:245,0
DA:248,0
DA:251,0
DA:252,0
DA:253,0
DA:254,0
DA:261,0
DA:275,0
DA:276,0
DA:278,0
DA:279,0
DA:283,0
DA:286,0
DA:289,0
DA:290,0
DA:291,0
DA:292,0
DA:299,0
DA:313,0
DA:315,0
DA:316,0
DA:322,0
DA:324,0
DA:325,0
DA:326,0
DA:327,0
DA:333,0
DA:336,0
DA:342,0
DA:353,1
LF:132
LH:12
BRDA:105,0,0,0
BRDA:105,0,1,0
BRDA:118,1,0,0
BRDA:118,1,1,0
BRDA:127,2,0,0
BRDA:127,2,1,0
BRDA:152,3,0,0
BRDA:152,3,1,0
BRDA:163,4,0,0
BRDA:163,4,1,0
BRDA:188,5,0,0
BRDA:188,5,1,0
BRDA:199,6,0,0
BRDA:199,6,1,0
BRDA:240,7,0,0
BRDA:240,7,1,0
BRDA:240,8,0,0
BRDA:240,8,1,0
BRDA:251,9,0,0
BRDA:251,9,1,0
BRDA:278,10,0,0
BRDA:278,10,1,0
BRDA:278,11,0,0
BRDA:278,11,1,0
BRDA:289,12,0,0
BRDA:289,12,1,0
BRDA:315,13,0,0
BRDA:315,13,1,0
BRDA:324,14,0,0
BRDA:324,14,1,0
BRF:30
BRH:0
end_of_record
TN:
SF:modules/utils.js
FN:20,logInit
FN:28,logDeinit
FN:37,consoleMsg
FN:47,serverLog
FN:55,onSuccess
FN:68,onFailure
FN:89,militaryTimeToDecimal
FNF:7
FNH:3
FNDA:0,logInit
FNDA:0,logDeinit
FNDA:15,consoleMsg
FNDA:4,serverLog
FNDA:0,onSuccess
FNDA:0,onFailure
FNDA:51,militaryTimeToDecimal
DA:7,3
DA:13,3
DA:21,0
DA:29,0
DA:38,15
DA:39,15
DA:50,4
DA:56,0
DA:57,0
DA:58,0
DA:69,0
DA:70,0
DA:72,0
DA:73,0
DA:74,0
DA:91,51
DA:92,0
DA:96,51
DA:97,51
DA:99,51
DA:100,1
DA:103,50
DA:104,0
DA:107,50
DA:108,0
DA:111,50
DA:117,3
LF:27
LH:14
BRDA:69,0,0,0
BRDA:69,0,1,0
BRDA:91,1,0,0
BRDA:91,1,1,51
BRDA:91,2,0,51
BRDA:91,2,1,51
BRDA:91,2,2,51
BRDA:99,3,0,1
BRDA:99,3,1,50
BRDA:99,4,0,51
BRDA:99,4,1,50
BRDA:103,5,0,0
BRDA:103,5,1,50
BRDA:103,6,0,50
BRDA:103,6,1,50
BRDA:107,7,0,0
BRDA:107,7,1,50
BRF:17
BRH:12
end_of_record
